{"/home/catz/dev/keystone/resources/js/App.svelte": {"path":"/home/catz/dev/keystone/resources/js/App.svelte","statementMap":{"0":{"start":{"line":19,"column":12},"end":{"line":19,"column":null}},"1":{"start":{"line":20,"column":12},"end":{"line":20,"column":null}},"2":{"start":{"line":21,"column":20},"end":{"line":21,"column":null}},"3":{"start":{"line":22,"column":18},"end":{"line":22,"column":null}},"4":{"start":{"line":23,"column":18},"end":{"line":23,"column":null}},"5":{"start":{"line":24,"column":19},"end":{"line":24,"column":null}},"6":{"start":{"line":25,"column":19},"end":{"line":25,"column":null}},"7":{"start":{"line":28,"column":18},"end":{"line":28,"column":null}},"8":{"start":{"line":29,"column":15},"end":{"line":29,"column":null}},"9":{"start":{"line":30,"column":22},"end":{"line":30,"column":null}},"10":{"start":{"line":31,"column":16},"end":{"line":31,"column":null}},"11":{"start":{"line":32,"column":14},"end":{"line":32,"column":null}},"12":{"start":{"line":33,"column":27},"end":{"line":33,"column":null}},"13":{"start":{"line":34,"column":16},"end":{"line":34,"column":null}},"14":{"start":{"line":37,"column":24},"end":{"line":37,"column":null}},"15":{"start":{"line":38,"column":27},"end":{"line":38,"column":null}},"16":{"start":{"line":39,"column":20},"end":{"line":39,"column":null}},"17":{"start":{"line":40,"column":25},"end":{"line":40,"column":null}},"18":{"start":{"line":41,"column":22},"end":{"line":41,"column":null}},"19":{"start":{"line":42,"column":25},"end":{"line":42,"column":null}},"20":{"start":{"line":43,"column":22},"end":{"line":43,"column":null}},"21":{"start":{"line":44,"column":28},"end":{"line":44,"column":null}},"22":{"start":{"line":45,"column":35},"end":{"line":45,"column":null}},"23":{"start":{"line":46,"column":29},"end":{"line":46,"column":null}},"24":{"start":{"line":47,"column":18},"end":{"line":47,"column":null}},"25":{"start":{"line":48,"column":20},"end":{"line":48,"column":null}},"26":{"start":{"line":51,"column":4},"end":{"line":54,"column":null}},"27":{"start":{"line":52,"column":14},"end":{"line":52,"column":null}},"28":{"start":{"line":53,"column":14},"end":{"line":53,"column":null}},"29":{"start":{"line":58,"column":12},"end":{"line":74,"column":null}},"30":{"start":{"line":59,"column":21},"end":{"line":59,"column":null}},"31":{"start":{"line":60,"column":22},"end":{"line":60,"column":null}},"32":{"start":{"line":61,"column":16},"end":{"line":71,"column":null}},"33":{"start":{"line":62,"column":16},"end":{"line":62,"column":null}},"34":{"start":{"line":63,"column":16},"end":{"line":63,"column":null}},"35":{"start":{"line":64,"column":16},"end":{"line":64,"column":null}},"36":{"start":{"line":65,"column":16},"end":{"line":65,"column":null}},"37":{"start":{"line":66,"column":16},"end":{"line":66,"column":null}},"38":{"start":{"line":67,"column":16},"end":{"line":67,"column":null}},"39":{"start":{"line":68,"column":16},"end":{"line":68,"column":null}},"40":{"start":{"line":69,"column":16},"end":{"line":69,"column":null}},"41":{"start":{"line":70,"column":20},"end":{"line":70,"column":null}},"42":{"start":{"line":70,"column":41},"end":{"line":70,"column":null}},"43":{"start":{"line":73,"column":12},"end":{"line":73,"column":null}},"44":{"start":{"line":78,"column":8},"end":{"line":78,"column":null}},"45":{"start":{"line":79,"column":12},"end":{"line":94,"column":null}},"46":{"start":{"line":80,"column":24},"end":{"line":80,"column":null}},"47":{"start":{"line":81,"column":16},"end":{"line":81,"column":null}},"48":{"start":{"line":81,"column":35},"end":{"line":81,"column":null}},"49":{"start":{"line":82,"column":16},"end":{"line":82,"column":null}},"50":{"start":{"line":82,"column":35},"end":{"line":82,"column":null}},"51":{"start":{"line":83,"column":16},"end":{"line":83,"column":null}},"52":{"start":{"line":83,"column":30},"end":{"line":83,"column":null}},"53":{"start":{"line":84,"column":16},"end":{"line":84,"column":null}},"54":{"start":{"line":84,"column":32},"end":{"line":84,"column":null}},"55":{"start":{"line":86,"column":21},"end":{"line":86,"column":null}},"56":{"start":{"line":87,"column":16},"end":{"line":89,"column":null}},"57":{"start":{"line":88,"column":16},"end":{"line":88,"column":null}},"58":{"start":{"line":91,"column":12},"end":{"line":91,"column":null}},"59":{"start":{"line":93,"column":12},"end":{"line":93,"column":null}},"60":{"start":{"line":97,"column":34},"end":{"line":97,"column":null}},"61":{"start":{"line":100,"column":12},"end":{"line":103,"column":null}},"62":{"start":{"line":101,"column":21},"end":{"line":101,"column":null}},"63":{"start":{"line":102,"column":16},"end":{"line":102,"column":null}},"64":{"start":{"line":102,"column":22},"end":{"line":102,"column":null}},"65":{"start":{"line":107,"column":12},"end":{"line":110,"column":null}},"66":{"start":{"line":108,"column":21},"end":{"line":108,"column":null}},"67":{"start":{"line":109,"column":16},"end":{"line":109,"column":null}},"68":{"start":{"line":109,"column":22},"end":{"line":109,"column":null}},"69":{"start":{"line":114,"column":12},"end":{"line":117,"column":null}},"70":{"start":{"line":115,"column":21},"end":{"line":115,"column":null}},"71":{"start":{"line":116,"column":16},"end":{"line":116,"column":null}},"72":{"start":{"line":116,"column":22},"end":{"line":116,"column":null}},"73":{"start":{"line":121,"column":12},"end":{"line":124,"column":null}},"74":{"start":{"line":122,"column":21},"end":{"line":122,"column":null}},"75":{"start":{"line":123,"column":16},"end":{"line":123,"column":null}},"76":{"start":{"line":123,"column":22},"end":{"line":123,"column":null}},"77":{"start":{"line":128,"column":12},"end":{"line":131,"column":null}},"78":{"start":{"line":129,"column":21},"end":{"line":129,"column":null}},"79":{"start":{"line":130,"column":16},"end":{"line":130,"column":null}},"80":{"start":{"line":130,"column":22},"end":{"line":130,"column":null}},"81":{"start":{"line":135,"column":12},"end":{"line":143,"column":null}},"82":{"start":{"line":136,"column":18},"end":{"line":138,"column":null}},"83":{"start":{"line":140,"column":12},"end":{"line":140,"column":null}},"84":{"start":{"line":142,"column":12},"end":{"line":142,"column":null}},"85":{"start":{"line":147,"column":8},"end":{"line":147,"column":null}},"86":{"start":{"line":148,"column":8},"end":{"line":148,"column":null}},"87":{"start":{"line":149,"column":12},"end":{"line":175,"column":null}},"88":{"start":{"line":150,"column":21},"end":{"line":153,"column":null}},"89":{"start":{"line":155,"column":16},"end":{"line":170,"column":null}},"90":{"start":{"line":156,"column":26},"end":{"line":156,"column":null}},"91":{"start":{"line":157,"column":16},"end":{"line":157,"column":null}},"92":{"start":{"line":158,"column":16},"end":{"line":158,"column":null}},"93":{"start":{"line":159,"column":16},"end":{"line":159,"column":null}},"94":{"start":{"line":160,"column":16},"end":{"line":160,"column":null}},"95":{"start":{"line":161,"column":16},"end":{"line":161,"column":null}},"96":{"start":{"line":162,"column":16},"end":{"line":162,"column":null}},"97":{"start":{"line":163,"column":16},"end":{"line":163,"column":null}},"98":{"start":{"line":164,"column":16},"end":{"line":164,"column":null}},"99":{"start":{"line":165,"column":16},"end":{"line":165,"column":null}},"100":{"start":{"line":166,"column":20},"end":{"line":166,"column":null}},"101":{"start":{"line":166,"column":41},"end":{"line":166,"column":null}},"102":{"start":{"line":168,"column":26},"end":{"line":168,"column":null}},"103":{"start":{"line":169,"column":16},"end":{"line":169,"column":null}},"104":{"start":{"line":172,"column":12},"end":{"line":172,"column":null}},"105":{"start":{"line":174,"column":12},"end":{"line":174,"column":null}},"106":{"start":{"line":179,"column":8},"end":{"line":179,"column":null}},"107":{"start":{"line":180,"column":8},"end":{"line":180,"column":null}},"108":{"start":{"line":181,"column":12},"end":{"line":206,"column":null}},"109":{"start":{"line":182,"column":21},"end":{"line":185,"column":null}},"110":{"start":{"line":187,"column":16},"end":{"line":201,"column":null}},"111":{"start":{"line":188,"column":26},"end":{"line":188,"column":null}},"112":{"start":{"line":189,"column":16},"end":{"line":189,"column":null}},"113":{"start":{"line":190,"column":16},"end":{"line":190,"column":null}},"114":{"start":{"line":191,"column":16},"end":{"line":191,"column":null}},"115":{"start":{"line":192,"column":16},"end":{"line":192,"column":null}},"116":{"start":{"line":193,"column":16},"end":{"line":193,"column":null}},"117":{"start":{"line":194,"column":16},"end":{"line":194,"column":null}},"118":{"start":{"line":195,"column":16},"end":{"line":195,"column":null}},"119":{"start":{"line":196,"column":16},"end":{"line":196,"column":null}},"120":{"start":{"line":197,"column":16},"end":{"line":197,"column":null}},"121":{"start":{"line":199,"column":26},"end":{"line":199,"column":null}},"122":{"start":{"line":200,"column":16},"end":{"line":200,"column":null}},"123":{"start":{"line":203,"column":12},"end":{"line":203,"column":null}},"124":{"start":{"line":205,"column":12},"end":{"line":205,"column":null}},"125":{"start":{"line":210,"column":8},"end":{"line":210,"column":null}},"126":{"start":{"line":211,"column":12},"end":{"line":249,"column":null}},"127":{"start":{"line":212,"column":26},"end":{"line":212,"column":null}},"128":{"start":{"line":213,"column":12},"end":{"line":213,"column":null}},"129":{"start":{"line":214,"column":12},"end":{"line":214,"column":null}},"130":{"start":{"line":215,"column":12},"end":{"line":215,"column":null}},"131":{"start":{"line":216,"column":12},"end":{"line":216,"column":null}},"132":{"start":{"line":217,"column":12},"end":{"line":217,"column":null}},"133":{"start":{"line":219,"column":16},"end":{"line":223,"column":null}},"134":{"start":{"line":220,"column":16},"end":{"line":222,"column":null}},"135":{"start":{"line":221,"column":20},"end":{"line":221,"column":null}},"136":{"start":{"line":225,"column":16},"end":{"line":229,"column":null}},"137":{"start":{"line":226,"column":16},"end":{"line":228,"column":null}},"138":{"start":{"line":227,"column":20},"end":{"line":227,"column":null}},"139":{"start":{"line":231,"column":21},"end":{"line":237,"column":null}},"140":{"start":{"line":239,"column":16},"end":{"line":243,"column":null}},"141":{"start":{"line":240,"column":33},"end":{"line":240,"column":null}},"142":{"start":{"line":242,"column":23},"end":{"line":242,"column":null}},"143":{"start":{"line":244,"column":19},"end":{"line":244,"column":null}},"144":{"start":{"line":246,"column":19},"end":{"line":246,"column":null}},"145":{"start":{"line":248,"column":12},"end":{"line":248,"column":null}},"146":{"start":{"line":253,"column":8},"end":{"line":253,"column":null}},"147":{"start":{"line":254,"column":12},"end":{"line":285,"column":null}},"148":{"start":{"line":255,"column":21},"end":{"line":255,"column":39}},"149":{"start":{"line":256,"column":16},"end":{"line":269,"column":null}},"150":{"start":{"line":257,"column":30},"end":{"line":257,"column":null}},"151":{"start":{"line":258,"column":16},"end":{"line":258,"column":null}},"152":{"start":{"line":259,"column":31},"end":{"line":262,"column":null}},"153":{"start":{"line":264,"column":20},"end":{"line":268,"column":null}},"154":{"start":{"line":265,"column":37},"end":{"line":265,"column":null}},"155":{"start":{"line":266,"column":20},"end":{"line":266,"column":null}},"156":{"start":{"line":267,"column":20},"end":{"line":267,"column":null}},"157":{"start":{"line":270,"column":26},"end":{"line":273,"column":null}},"158":{"start":{"line":275,"column":16},"end":{"line":279,"column":null}},"159":{"start":{"line":276,"column":30},"end":{"line":276,"column":null}},"160":{"start":{"line":278,"column":23},"end":{"line":278,"column":null}},"161":{"start":{"line":280,"column":19},"end":{"line":280,"column":null}},"162":{"start":{"line":282,"column":19},"end":{"line":282,"column":null}},"163":{"start":{"line":284,"column":12},"end":{"line":284,"column":null}},"164":{"start":{"line":289,"column":12},"end":{"line":304,"column":null}},"165":{"start":{"line":290,"column":21},"end":{"line":293,"column":null}},"166":{"start":{"line":295,"column":16},"end":{"line":300,"column":null}},"167":{"start":{"line":296,"column":30},"end":{"line":296,"column":null}},"168":{"start":{"line":297,"column":16},"end":{"line":297,"column":null}},"169":{"start":{"line":298,"column":16},"end":{"line":298,"column":null}},"170":{"start":{"line":299,"column":23},"end":{"line":299,"column":null}},"171":{"start":{"line":301,"column":19},"end":{"line":301,"column":null}},"172":{"start":{"line":303,"column":19},"end":{"line":303,"column":null}},"173":{"start":{"line":308,"column":8},"end":{"line":308,"column":null}},"174":{"start":{"line":309,"column":12},"end":{"line":325,"column":null}},"175":{"start":{"line":310,"column":21},"end":{"line":313,"column":null}},"176":{"start":{"line":315,"column":16},"end":{"line":319,"column":null}},"177":{"start":{"line":316,"column":32},"end":{"line":316,"column":null}},"178":{"start":{"line":317,"column":16},"end":{"line":317,"column":null}},"179":{"start":{"line":318,"column":23},"end":{"line":318,"column":null}},"180":{"start":{"line":320,"column":19},"end":{"line":320,"column":null}},"181":{"start":{"line":322,"column":19},"end":{"line":322,"column":null}},"182":{"start":{"line":324,"column":12},"end":{"line":324,"column":null}},"183":{"start":{"line":329,"column":12},"end":{"line":339,"column":null}},"184":{"start":{"line":330,"column":21},"end":{"line":333,"column":null}},"185":{"start":{"line":335,"column":16},"end":{"line":338,"column":null}},"186":{"start":{"line":336,"column":29},"end":{"line":336,"column":null}},"187":{"start":{"line":337,"column":16},"end":{"line":337,"column":null}},"188":{"start":{"line":337,"column":63},"end":{"line":337,"column":99}},"189":{"start":{"line":343,"column":12},"end":{"line":353,"column":null}},"190":{"start":{"line":344,"column":21},"end":{"line":347,"column":null}},"191":{"start":{"line":349,"column":16},"end":{"line":352,"column":null}},"192":{"start":{"line":350,"column":34},"end":{"line":350,"column":null}},"193":{"start":{"line":351,"column":16},"end":{"line":351,"column":null}},"194":{"start":{"line":351,"column":37},"end":{"line":351,"column":76}},"195":{"start":{"line":357,"column":21},"end":{"line":357,"column":null}},"196":{"start":{"line":358,"column":13},"end":{"line":358,"column":null}},"197":{"start":{"line":358,"column":17},"end":{"line":358,"column":null}},"198":{"start":{"line":359,"column":8},"end":{"line":359,"column":null}},"199":{"start":{"line":360,"column":22},"end":{"line":360,"column":null}},"200":{"start":{"line":361,"column":8},"end":{"line":361,"column":null}},"201":{"start":{"line":362,"column":8},"end":{"line":362,"column":null}},"202":{"start":{"line":363,"column":8},"end":{"line":363,"column":null}},"203":{"start":{"line":364,"column":12},"end":{"line":371,"column":null}},"204":{"start":{"line":365,"column":21},"end":{"line":368,"column":null}},"205":{"start":{"line":370,"column":16},"end":{"line":370,"column":null}},"206":{"start":{"line":370,"column":22},"end":{"line":370,"column":null}},"207":{"start":{"line":371,"column":33},"end":{"line":371,"column":55}},"208":{"start":{"line":375,"column":8},"end":{"line":375,"column":null}},"209":{"start":{"line":376,"column":12},"end":{"line":382,"column":null}},"210":{"start":{"line":377,"column":21},"end":{"line":379,"column":null}},"211":{"start":{"line":381,"column":16},"end":{"line":381,"column":null}},"212":{"start":{"line":381,"column":22},"end":{"line":381,"column":null}},"213":{"start":{"line":382,"column":33},"end":{"line":382,"column":55}},"214":{"start":{"line":386,"column":21},"end":{"line":386,"column":null}},"215":{"start":{"line":387,"column":12},"end":{"line":387,"column":null}},"216":{"start":{"line":387,"column":18},"end":{"line":387,"column":null}},"217":{"start":{"line":391,"column":13},"end":{"line":394,"column":null}},"218":{"start":{"line":392,"column":12},"end":{"line":392,"column":null}},"219":{"start":{"line":395,"column":8},"end":{"line":395,"column":null}},"220":{"start":{"line":400,"column":8},"end":{"line":409,"column":null}},"221":{"start":{"line":405,"column":16},"end":{"line":408,"column":null}},"222":{"start":{"line":406,"column":29},"end":{"line":406,"column":null}},"223":{"start":{"line":407,"column":16},"end":{"line":407,"column":null}},"224":{"start":{"line":407,"column":53},"end":{"line":407,"column":87}},"225":{"start":{"line":413,"column":4},"end":{"line":413,"column":null}},"226":{"start":{"line":413,"column":1},"end":{"line":413,"column":null}},"227":{"start":{"line":415,"column":9},"end":{"line":426,"column":null}},"228":{"start":{"line":416,"column":13},"end":{"line":416,"column":null}},"229":{"start":{"line":417,"column":25},"end":{"line":417,"column":null}},"230":{"start":{"line":418,"column":13},"end":{"line":418,"column":null}},"231":{"start":{"line":419,"column":13},"end":{"line":419,"column":null}},"232":{"start":{"line":420,"column":13},"end":{"line":420,"column":null}},"233":{"start":{"line":421,"column":13},"end":{"line":421,"column":null}},"234":{"start":{"line":422,"column":13},"end":{"line":422,"column":null}},"235":{"start":{"line":423,"column":13},"end":{"line":423,"column":null}},"236":{"start":{"line":424,"column":41},"end":{"line":424,"column":57}},"237":{"start":{"line":424,"column":57},"end":{"line":424,"column":82}},"238":{"start":{"line":425,"column":36},"end":{"line":425,"column":null}},"239":{"start":{"line":426,"column":34},"end":{"line":426,"column":null}},"240":{"start":{"line":414,"column":9},"end":{"line":414,"column":null}},"241":{"start":{"line":414,"column":34},"end":{"line":414,"column":null}},"242":{"start":{"line":430,"column":9},"end":{"line":430,"column":null}},"243":{"start":{"line":431,"column":15},"end":{"line":430,"column":null}},"244":{"start":{"line":432,"column":16},"end":{"line":431,"column":null}},"245":{"start":{"line":433,"column":21},"end":{"line":432,"column":null}},"246":{"start":{"line":433,"column":17},"end":{"line":433,"column":56}},"247":{"start":{"line":436,"column":25},"end":{"line":436,"column":58}},"248":{"start":{"line":436,"column":21},"end":{"line":436,"column":58}},"249":{"start":{"line":436,"column":58},"end":{"line":436,"column":null}},"250":{"start":{"line":434,"column":21},"end":{"line":434,"column":null}},"251":{"start":{"line":434,"column":37},"end":{"line":434,"column":null}},"252":{"start":{"line":432,"column":13},"end":{"line":432,"column":null}},"253":{"start":{"line":440,"column":16},"end":{"line":432,"column":null}},"254":{"start":{"line":440,"column":13},"end":{"line":440,"column":null}},"255":{"start":{"line":442,"column":24},"end":{"line":442,"column":null}},"256":{"start":{"line":444,"column":28},"end":{"line":442,"column":null}},"257":{"start":{"line":445,"column":35},"end":{"line":444,"column":null}},"258":{"start":{"line":447,"column":35},"end":{"line":445,"column":80}},"259":{"start":{"line":444,"column":25},"end":{"line":444,"column":null}},"260":{"start":{"line":442,"column":21},"end":{"line":442,"column":null}},"261":{"start":{"line":451,"column":27},"end":{"line":442,"column":null}},"262":{"start":{"line":445,"column":29},"end":{"line":445,"column":177}},"263":{"start":{"line":447,"column":29},"end":{"line":447,"column":177}},"264":{"start":{"line":445,"column":29},"end":{"line":445,"column":null}},"265":{"start":{"line":445,"column":177},"end":{"line":445,"column":null}},"266":{"start":{"line":447,"column":29},"end":{"line":447,"column":null}},"267":{"start":{"line":447,"column":177},"end":{"line":447,"column":null}},"268":{"start":{"line":451,"column":21},"end":{"line":451,"column":null}},"269":{"start":{"line":453,"column":21},"end":{"line":454,"column":null}},"270":{"start":{"line":453,"column":71},"end":{"line":453,"column":null}},"271":{"start":{"line":454,"column":25},"end":{"line":454,"column":null}},"272":{"start":{"line":441,"column":21},"end":{"line":441,"column":null}},"273":{"start":{"line":441,"column":46},"end":{"line":441,"column":null}},"274":{"start":{"line":431,"column":9},"end":{"line":431,"column":null}},"275":{"start":{"line":461,"column":12},"end":{"line":431,"column":null}},"276":{"start":{"line":461,"column":9},"end":{"line":461,"column":null}},"277":{"start":{"line":464,"column":21},"end":{"line":467,"column":null}},"278":{"start":{"line":465,"column":34},"end":{"line":465,"column":null}},"279":{"start":{"line":466,"column":38},"end":{"line":466,"column":null}},"280":{"start":{"line":470,"column":21},"end":{"line":485,"column":null}},"281":{"start":{"line":471,"column":25},"end":{"line":471,"column":null}},"282":{"start":{"line":472,"column":25},"end":{"line":472,"column":null}},"283":{"start":{"line":473,"column":35},"end":{"line":473,"column":null}},"284":{"start":{"line":475,"column":44},"end":{"line":475,"column":null}},"285":{"start":{"line":476,"column":28},"end":{"line":476,"column":null}},"286":{"start":{"line":479,"column":32},"end":{"line":483,"column":null}},"287":{"start":{"line":480,"column":32},"end":{"line":480,"column":null}},"288":{"start":{"line":482,"column":32},"end":{"line":482,"column":null}},"289":{"start":{"line":485,"column":51},"end":{"line":485,"column":73}},"290":{"start":{"line":485,"column":73},"end":{"line":485,"column":122}},"291":{"start":{"line":463,"column":21},"end":{"line":463,"column":null}},"292":{"start":{"line":463,"column":37},"end":{"line":463,"column":null}},"293":{"start":{"line":492,"column":36},"end":{"line":492,"column":null}},"294":{"start":{"line":492,"column":55},"end":{"line":492,"column":null}},"295":{"start":{"line":490,"column":21},"end":{"line":500,"column":null}},"296":{"start":{"line":491,"column":25},"end":{"line":491,"column":null}},"297":{"start":{"line":493,"column":25},"end":{"line":493,"column":null}},"298":{"start":{"line":494,"column":25},"end":{"line":494,"column":null}},"299":{"start":{"line":495,"column":25},"end":{"line":495,"column":null}},"300":{"start":{"line":496,"column":45},"end":{"line":496,"column":null}},"301":{"start":{"line":497,"column":48},"end":{"line":497,"column":null}},"302":{"start":{"line":498,"column":47},"end":{"line":498,"column":null}},"303":{"start":{"line":503,"column":21},"end":{"line":513,"column":null}},"304":{"start":{"line":504,"column":25},"end":{"line":504,"column":null}},"305":{"start":{"line":505,"column":25},"end":{"line":505,"column":null}},"306":{"start":{"line":506,"column":25},"end":{"line":506,"column":null}},"307":{"start":{"line":507,"column":25},"end":{"line":507,"column":null}},"308":{"start":{"line":508,"column":25},"end":{"line":508,"column":null}},"309":{"start":{"line":509,"column":25},"end":{"line":509,"column":null}},"310":{"start":{"line":510,"column":46},"end":{"line":510,"column":73}},"311":{"start":{"line":510,"column":73},"end":{"line":510,"column":96}},"312":{"start":{"line":511,"column":54},"end":{"line":511,"column":87}},"313":{"start":{"line":511,"column":87},"end":{"line":511,"column":116}},"314":{"start":{"line":489,"column":21},"end":{"line":489,"column":null}},"315":{"start":{"line":489,"column":40},"end":{"line":489,"column":null}},"316":{"start":{"line":462,"column":17},"end":{"line":488,"column":null}},"317":{"start":{"line":462,"column":36},"end":{"line":462,"column":null}},"318":{"start":{"line":462,"column":36},"end":{"line":488,"column":null}},"319":{"start":{"line":488,"column":32},"end":{"line":488,"column":null}},"320":{"start":{"line":430,"column":5},"end":{"line":430,"column":null}},"321":{"start":{"line":531,"column":5},"end":{"line":531,"column":null}},"322":{"start":{"line":531,"column":24},"end":{"line":531,"column":53}},"323":{"start":{"line":531,"column":53},"end":{"line":531,"column":85}},"324":{"start":{"line":531,"column":85},"end":{"line":531,"column":104}},"325":{"start":{"line":531,"column":104},"end":{"line":531,"column":127}},"326":{"start":{"line":531,"column":141},"end":{"line":531,"column":null}},"327":{"start":{"line":532,"column":5},"end":{"line":532,"column":null}},"328":{"start":{"line":532,"column":24},"end":{"line":532,"column":55}},"329":{"start":{"line":532,"column":55},"end":{"line":532,"column":88}},"330":{"start":{"line":532,"column":121},"end":{"line":532,"column":145}},"331":{"start":{"line":532,"column":145},"end":{"line":532,"column":171}},"332":{"start":{"line":532,"column":175},"end":{"line":532,"column":196}},"333":{"start":{"line":532,"column":196},"end":{"line":532,"column":null}},"334":{"start":{"line":533,"column":5},"end":{"line":533,"column":null}},"335":{"start":{"line":533,"column":27},"end":{"line":533,"column":61}},"336":{"start":{"line":533,"column":61},"end":{"line":533,"column":100}},"337":{"start":{"line":533,"column":133},"end":{"line":533,"column":160}},"338":{"start":{"line":533,"column":160},"end":{"line":533,"column":183}},"339":{"start":{"line":533,"column":187},"end":{"line":533,"column":208}},"340":{"start":{"line":533,"column":208},"end":{"line":533,"column":null}},"341":{"start":{"line":534,"column":89},"end":{"line":534,"column":133}},"342":{"start":{"line":534,"column":89},"end":{"line":534,"column":120}},"343":{"start":{"line":534,"column":5},"end":{"line":534,"column":null}},"344":{"start":{"line":534,"column":24},"end":{"line":534,"column":55}},"345":{"start":{"line":534,"column":55},"end":{"line":534,"column":89}},"346":{"start":{"line":534,"column":147},"end":{"line":534,"column":198}},"347":{"start":{"line":534,"column":198},"end":{"line":534,"column":null}},"348":{"start":{"line":535,"column":5},"end":{"line":535,"column":null}},"349":{"start":{"line":535,"column":27},"end":{"line":535,"column":61}},"350":{"start":{"line":535,"column":61},"end":{"line":535,"column":98}},"351":{"start":{"line":535,"column":114},"end":{"line":535,"column":null}},"352":{"start":{"line":536,"column":5},"end":{"line":536,"column":null}},"353":{"start":{"line":536,"column":37},"end":{"line":536,"column":74}},"354":{"start":{"line":536,"column":74},"end":{"line":536,"column":111}},"355":{"start":{"line":536,"column":111},"end":{"line":536,"column":150}},"356":{"start":{"line":536,"column":177},"end":{"line":536,"column":null}},"357":{"start":{"line":433,"column":56},"end":{"line":433,"column":null}}},"fnMap":{"0":{"name":"App","decl":{"start":{"line":1,"column":0},"end":{"line":1,"column":null}},"loc":{"start":{"line":1,"column":0},"end":{"line":411,"column":null}},"line":1},"1":{"name":"(anonymous_1)","decl":{"start":{"line":51,"column":11},"end":{"line":51,"column":24}},"loc":{"start":{"line":51,"column":24},"end":{"line":54,"column":5}},"line":51},"2":{"name":"checkAuth","decl":{"start":{"line":57,"column":19},"end":{"line":57,"column":28}},"loc":{"start":{"line":57,"column":31},"end":{"line":75,"column":null}},"line":57},"3":{"name":"fetchProperties","decl":{"start":{"line":77,"column":19},"end":{"line":77,"column":34}},"loc":{"start":{"line":77,"column":37},"end":{"line":95,"column":null}},"line":77},"4":{"name":"fetchMyVisits","decl":{"start":{"line":99,"column":19},"end":{"line":99,"column":32}},"loc":{"start":{"line":99,"column":35},"end":{"line":104,"column":null}},"line":99},"5":{"name":"fetchOffers","decl":{"start":{"line":106,"column":19},"end":{"line":106,"column":30}},"loc":{"start":{"line":106,"column":33},"end":{"line":111,"column":null}},"line":106},"6":{"name":"fetchLandlordVisits","decl":{"start":{"line":113,"column":19},"end":{"line":113,"column":38}},"loc":{"start":{"line":113,"column":41},"end":{"line":118,"column":null}},"line":113},"7":{"name":"fetchMaintenanceRequests","decl":{"start":{"line":120,"column":19},"end":{"line":120,"column":43}},"loc":{"start":{"line":120,"column":46},"end":{"line":125,"column":null}},"line":120},"8":{"name":"fetchMyLeases","decl":{"start":{"line":127,"column":19},"end":{"line":127,"column":32}},"loc":{"start":{"line":127,"column":35},"end":{"line":132,"column":null}},"line":127},"9":{"name":"logout","decl":{"start":{"line":134,"column":19},"end":{"line":134,"column":25}},"loc":{"start":{"line":134,"column":28},"end":{"line":144,"column":null}},"line":134},"10":{"name":"login","decl":{"start":{"line":146,"column":19},"end":{"line":146,"column":24}},"loc":{"start":{"line":146,"column":46},"end":{"line":176,"column":null}},"line":146},"11":{"name":"register","decl":{"start":{"line":178,"column":19},"end":{"line":178,"column":27}},"loc":{"start":{"line":178,"column":55},"end":{"line":207,"column":null}},"line":178},"12":{"name":"storeProperty","decl":{"start":{"line":209,"column":19},"end":{"line":209,"column":32}},"loc":{"start":{"line":209,"column":39},"end":{"line":250,"column":null}},"line":209},"13":{"name":"(anonymous_13)","decl":{"start":{"line":220,"column":35},"end":{"line":220,"column":36}},"loc":{"start":{"line":220,"column":45},"end":{"line":222,"column":17}},"line":220},"14":{"name":"(anonymous_14)","decl":{"start":{"line":226,"column":35},"end":{"line":226,"column":36}},"loc":{"start":{"line":226,"column":45},"end":{"line":228,"column":17}},"line":226},"15":{"name":"submitVisit","decl":{"start":{"line":252,"column":19},"end":{"line":252,"column":30}},"loc":{"start":{"line":252,"column":53},"end":{"line":286,"column":null}},"line":252},"16":{"name":"submitOffer","decl":{"start":{"line":288,"column":19},"end":{"line":288,"column":30}},"loc":{"start":{"line":288,"column":55},"end":{"line":305,"column":null}},"line":288},"17":{"name":"submitMaintenanceRequest","decl":{"start":{"line":307,"column":19},"end":{"line":307,"column":43}},"loc":{"start":{"line":307,"column":78},"end":{"line":326,"column":null}},"line":307},"18":{"name":"updateMaintenanceStatus","decl":{"start":{"line":328,"column":19},"end":{"line":328,"column":42}},"loc":{"start":{"line":328,"column":62},"end":{"line":340,"column":null}},"line":328},"19":{"name":"(anonymous_19)","decl":{"start":{"line":337,"column":61},"end":{"line":337,"column":62}},"loc":{"start":{"line":337,"column":63},"end":{"line":337,"column":99}},"line":337},"20":{"name":"updateOfferStatus","decl":{"start":{"line":342,"column":19},"end":{"line":342,"column":36}},"loc":{"start":{"line":342,"column":83},"end":{"line":354,"column":null}},"line":342},"21":{"name":"(anonymous_21)","decl":{"start":{"line":351,"column":35},"end":{"line":351,"column":36}},"loc":{"start":{"line":351,"column":37},"end":{"line":351,"column":76}},"line":351},"22":{"name":"handleComplianceUpload","decl":{"start":{"line":356,"column":19},"end":{"line":356,"column":41}},"loc":{"start":{"line":356,"column":60},"end":{"line":372,"column":null}},"line":356},"23":{"name":"handleIncomeVerification","decl":{"start":{"line":374,"column":19},"end":{"line":374,"column":43}},"loc":{"start":{"line":374,"column":53},"end":{"line":383,"column":null}},"line":374},"24":{"name":"updateCsrfToken","decl":{"start":{"line":385,"column":13},"end":{"line":385,"column":28}},"loc":{"start":{"line":385,"column":39},"end":{"line":388,"column":null}},"line":385},"25":{"name":"startScheduling","decl":{"start":{"line":390,"column":13},"end":{"line":390,"column":28}},"loc":{"start":{"line":390,"column":31},"end":{"line":396,"column":null}},"line":390},"26":{"name":"updateVisitStatus","decl":{"start":{"line":398,"column":13},"end":{"line":398,"column":30}},"loc":{"start":{"line":398,"column":51},"end":{"line":410,"column":null}},"line":398},"27":{"name":"(anonymous_27)","decl":{"start":{"line":404,"column":15},"end":{"line":404,"column":22}},"loc":{"start":{"line":404,"column":29},"end":{"line":409,"column":9}},"line":404},"28":{"name":"(anonymous_28)","decl":{"start":{"line":407,"column":51},"end":{"line":407,"column":52}},"loc":{"start":{"line":407,"column":53},"end":{"line":407,"column":87}},"line":407},"29":{"name":"(anonymous_29)","decl":{"start":{"line":415,"column":9},"end":{"line":415,"column":16}},"loc":{"start":{"line":415,"column":9},"end":{"line":426,"column":null}},"line":415},"30":{"name":"(anonymous_30)","decl":{"start":{"line":424,"column":27},"end":{"line":424,"column":34}},"loc":{"start":{"line":424,"column":39},"end":{"line":424,"column":83}},"line":424},"31":{"name":"(anonymous_31)","decl":{"start":{"line":425,"column":35},"end":{"line":425,"column":36}},"loc":{"start":{"line":425,"column":36},"end":{"line":425,"column":null}},"line":425},"32":{"name":"(anonymous_32)","decl":{"start":{"line":426,"column":33},"end":{"line":426,"column":34}},"loc":{"start":{"line":426,"column":34},"end":{"line":426,"column":null}},"line":426},"33":{"name":"(anonymous_33)","decl":{"start":{"line":436,"column":58},"end":{"line":436,"column":74}},"loc":{"start":{"line":436,"column":58},"end":{"line":436,"column":null}},"line":436},"34":{"name":"click","decl":{"start":{"line":445,"column":35},"end":{"line":445,"column":80}},"loc":{"start":{"line":445,"column":35},"end":{"line":445,"column":null}},"line":445},"35":{"name":"click_1","decl":{"start":{"line":447,"column":35},"end":{"line":447,"column":80}},"loc":{"start":{"line":447,"column":35},"end":{"line":447,"column":null}},"line":447},"36":{"name":"(anonymous_36)","decl":{"start":{"line":453,"column":21},"end":{"line":453,"column":27}},"loc":{"start":{"line":453,"column":21},"end":{"line":454,"column":null}},"line":453},"37":{"name":"(anonymous_37)","decl":{"start":{"line":453,"column":71},"end":{"line":453,"column":85}},"loc":{"start":{"line":453,"column":71},"end":{"line":453,"column":null}},"line":453},"38":{"name":"(anonymous_38)","decl":{"start":{"line":454,"column":25},"end":{"line":454,"column":30}},"loc":{"start":{"line":454,"column":25},"end":{"line":454,"column":null}},"line":454},"39":{"name":"(anonymous_39)","decl":{"start":{"line":464,"column":21},"end":{"line":464,"column":39}},"loc":{"start":{"line":464,"column":21},"end":{"line":467,"column":null}},"line":464},"40":{"name":"(anonymous_40)","decl":{"start":{"line":466,"column":38},"end":{"line":466,"column":54}},"loc":{"start":{"line":466,"column":38},"end":{"line":466,"column":null}},"line":466},"41":{"name":"(anonymous_41)","decl":{"start":{"line":470,"column":21},"end":{"line":470,"column":33}},"loc":{"start":{"line":470,"column":21},"end":{"line":485,"column":null}},"line":470},"42":{"name":"(anonymous_42)","decl":{"start":{"line":474,"column":41},"end":{"line":474,"column":51}},"loc":{"start":{"line":474,"column":56},"end":{"line":484,"column":25}},"line":474},"43":{"name":"(anonymous_43)","decl":{"start":{"line":485,"column":43},"end":{"line":485,"column":44}},"loc":{"start":{"line":485,"column":49},"end":{"line":485,"column":null}},"line":485},"44":{"name":"(anonymous_44)","decl":{"start":{"line":492,"column":36},"end":{"line":492,"column":46}},"loc":{"start":{"line":492,"column":36},"end":{"line":492,"column":null}},"line":492},"45":{"name":"(anonymous_45)","decl":{"start":{"line":492,"column":53},"end":{"line":492,"column":54}},"loc":{"start":{"line":492,"column":55},"end":{"line":492,"column":null}},"line":492},"46":{"name":"(anonymous_46)","decl":{"start":{"line":490,"column":21},"end":{"line":490,"column":38}},"loc":{"start":{"line":490,"column":21},"end":{"line":500,"column":null}},"line":490},"47":{"name":"(anonymous_47)","decl":{"start":{"line":496,"column":45},"end":{"line":496,"column":62}},"loc":{"start":{"line":496,"column":45},"end":{"line":496,"column":null}},"line":496},"48":{"name":"(anonymous_48)","decl":{"start":{"line":497,"column":41},"end":{"line":497,"column":43}},"loc":{"start":{"line":497,"column":48},"end":{"line":497,"column":null}},"line":497},"49":{"name":"(anonymous_49)","decl":{"start":{"line":498,"column":40},"end":{"line":498,"column":42}},"loc":{"start":{"line":498,"column":47},"end":{"line":498,"column":null}},"line":498},"50":{"name":"(anonymous_50)","decl":{"start":{"line":503,"column":21},"end":{"line":503,"column":36}},"loc":{"start":{"line":503,"column":21},"end":{"line":513,"column":null}},"line":503},"51":{"name":"(anonymous_51)","decl":{"start":{"line":510,"column":38},"end":{"line":510,"column":39}},"loc":{"start":{"line":510,"column":44},"end":{"line":510,"column":97}},"line":510},"52":{"name":"(anonymous_52)","decl":{"start":{"line":511,"column":46},"end":{"line":511,"column":47}},"loc":{"start":{"line":511,"column":52},"end":{"line":511,"column":117}},"line":511},"53":{"name":"(anonymous_53)","decl":{"start":{"line":531,"column":5},"end":{"line":531,"column":15}},"loc":{"start":{"line":531,"column":5},"end":{"line":531,"column":null}},"line":531},"54":{"name":"(anonymous_54)","decl":{"start":{"line":531,"column":53},"end":{"line":531,"column":65}},"loc":{"start":{"line":531,"column":53},"end":{"line":531,"column":85}},"line":531},"55":{"name":"(anonymous_55)","decl":{"start":{"line":532,"column":5},"end":{"line":532,"column":15}},"loc":{"start":{"line":532,"column":5},"end":{"line":532,"column":null}},"line":532},"56":{"name":"(anonymous_56)","decl":{"start":{"line":532,"column":55},"end":{"line":532,"column":69}},"loc":{"start":{"line":532,"column":55},"end":{"line":532,"column":88}},"line":532},"57":{"name":"(anonymous_57)","decl":{"start":{"line":532,"column":119},"end":{"line":532,"column":121}},"loc":{"start":{"line":532,"column":119},"end":{"line":532,"column":172}},"line":532},"58":{"name":"(anonymous_58)","decl":{"start":{"line":533,"column":5},"end":{"line":533,"column":18}},"loc":{"start":{"line":533,"column":5},"end":{"line":533,"column":null}},"line":533},"59":{"name":"(anonymous_59)","decl":{"start":{"line":533,"column":61},"end":{"line":533,"column":78}},"loc":{"start":{"line":533,"column":61},"end":{"line":533,"column":100}},"line":533},"60":{"name":"(anonymous_60)","decl":{"start":{"line":533,"column":131},"end":{"line":533,"column":133}},"loc":{"start":{"line":533,"column":131},"end":{"line":533,"column":184}},"line":533},"61":{"name":"(anonymous_61)","decl":{"start":{"line":534,"column":89},"end":{"line":534,"column":110}},"loc":{"start":{"line":534,"column":89},"end":{"line":534,"column":120}},"line":534},"62":{"name":"(anonymous_62)","decl":{"start":{"line":534,"column":5},"end":{"line":534,"column":15}},"loc":{"start":{"line":534,"column":5},"end":{"line":534,"column":null}},"line":534},"63":{"name":"(anonymous_63)","decl":{"start":{"line":534,"column":55},"end":{"line":534,"column":69}},"loc":{"start":{"line":534,"column":55},"end":{"line":534,"column":89}},"line":534},"64":{"name":"(anonymous_64)","decl":{"start":{"line":534,"column":133},"end":{"line":534,"column":136}},"loc":{"start":{"line":534,"column":147},"end":{"line":534,"column":198}},"line":534},"65":{"name":"(anonymous_65)","decl":{"start":{"line":535,"column":5},"end":{"line":535,"column":18}},"loc":{"start":{"line":535,"column":5},"end":{"line":535,"column":null}},"line":535},"66":{"name":"(anonymous_66)","decl":{"start":{"line":535,"column":61},"end":{"line":535,"column":78}},"loc":{"start":{"line":535,"column":61},"end":{"line":535,"column":98}},"line":535},"67":{"name":"(anonymous_67)","decl":{"start":{"line":536,"column":5},"end":{"line":536,"column":28}},"loc":{"start":{"line":536,"column":5},"end":{"line":536,"column":null}},"line":536},"68":{"name":"(anonymous_68)","decl":{"start":{"line":536,"column":74},"end":{"line":536,"column":94}},"loc":{"start":{"line":536,"column":74},"end":{"line":536,"column":111}},"line":536},"69":{"name":"(anonymous_69)","decl":{"start":{"line":433,"column":56},"end":{"line":433,"column":60}},"loc":{"start":{"line":433,"column":56},"end":{"line":433,"column":null}},"line":433}},"branchMap":{"0":{"loc":{"start":{"line":61,"column":16},"end":{"line":71,"column":null}},"type":"if","locations":[{"start":{"line":61,"column":16},"end":{"line":71,"column":null}},{"start":{},"end":{}}],"line":61},"1":{"loc":{"start":{"line":70,"column":20},"end":{"line":70,"column":null}},"type":"if","locations":[{"start":{"line":70,"column":20},"end":{"line":70,"column":null}},{"start":{},"end":{}}],"line":70},"2":{"loc":{"start":{"line":81,"column":16},"end":{"line":81,"column":null}},"type":"if","locations":[{"start":{"line":81,"column":16},"end":{"line":81,"column":null}},{"start":{},"end":{}}],"line":81},"3":{"loc":{"start":{"line":82,"column":16},"end":{"line":82,"column":null}},"type":"if","locations":[{"start":{"line":82,"column":16},"end":{"line":82,"column":null}},{"start":{},"end":{}}],"line":82},"4":{"loc":{"start":{"line":83,"column":16},"end":{"line":83,"column":null}},"type":"if","locations":[{"start":{"line":83,"column":16},"end":{"line":83,"column":null}},{"start":{},"end":{}}],"line":83},"5":{"loc":{"start":{"line":84,"column":16},"end":{"line":84,"column":null}},"type":"if","locations":[{"start":{"line":84,"column":16},"end":{"line":84,"column":null}},{"start":{},"end":{}}],"line":84},"6":{"loc":{"start":{"line":87,"column":16},"end":{"line":89,"column":null}},"type":"if","locations":[{"start":{"line":87,"column":16},"end":{"line":89,"column":null}},{"start":{},"end":{}}],"line":87},"7":{"loc":{"start":{"line":102,"column":16},"end":{"line":102,"column":null}},"type":"if","locations":[{"start":{"line":102,"column":16},"end":{"line":102,"column":null}},{"start":{},"end":{}}],"line":102},"8":{"loc":{"start":{"line":109,"column":16},"end":{"line":109,"column":null}},"type":"if","locations":[{"start":{"line":109,"column":16},"end":{"line":109,"column":null}},{"start":{},"end":{}}],"line":109},"9":{"loc":{"start":{"line":116,"column":16},"end":{"line":116,"column":null}},"type":"if","locations":[{"start":{"line":116,"column":16},"end":{"line":116,"column":null}},{"start":{},"end":{}}],"line":116},"10":{"loc":{"start":{"line":123,"column":16},"end":{"line":123,"column":null}},"type":"if","locations":[{"start":{"line":123,"column":16},"end":{"line":123,"column":null}},{"start":{},"end":{}}],"line":123},"11":{"loc":{"start":{"line":130,"column":16},"end":{"line":130,"column":null}},"type":"if","locations":[{"start":{"line":130,"column":16},"end":{"line":130,"column":null}},{"start":{},"end":{}}],"line":130},"12":{"loc":{"start":{"line":155,"column":16},"end":{"line":170,"column":null}},"type":"if","locations":[{"start":{"line":155,"column":16},"end":{"line":170,"column":null}},{"start":{"line":167,"column":19},"end":{"line":170,"column":null}}],"line":155},"13":{"loc":{"start":{"line":166,"column":20},"end":{"line":166,"column":null}},"type":"if","locations":[{"start":{"line":166,"column":20},"end":{"line":166,"column":null}},{"start":{},"end":{}}],"line":166},"14":{"loc":{"start":{"line":169,"column":29},"end":{"line":169,"column":60}},"type":"binary-expr","locations":[{"start":{"line":169,"column":29},"end":{"line":169,"column":41}},{"start":{"line":169,"column":45},"end":{"line":169,"column":60}}],"line":169},"15":{"loc":{"start":{"line":187,"column":16},"end":{"line":201,"column":null}},"type":"if","locations":[{"start":{"line":187,"column":16},"end":{"line":201,"column":null}},{"start":{"line":198,"column":19},"end":{"line":201,"column":null}}],"line":187},"16":{"loc":{"start":{"line":200,"column":29},"end":{"line":200,"column":67}},"type":"binary-expr","locations":[{"start":{"line":200,"column":29},"end":{"line":200,"column":41}},{"start":{"line":200,"column":45},"end":{"line":200,"column":67}}],"line":200},"17":{"loc":{"start":{"line":217,"column":43},"end":{"line":217,"column":65}},"type":"binary-expr","locations":[{"start":{"line":217,"column":43},"end":{"line":217,"column":59}},{"start":{"line":217,"column":63},"end":{"line":217,"column":65}}],"line":217},"18":{"loc":{"start":{"line":219,"column":16},"end":{"line":223,"column":null}},"type":"if","locations":[{"start":{"line":219,"column":16},"end":{"line":223,"column":null}},{"start":{},"end":{}}],"line":219},"19":{"loc":{"start":{"line":219,"column":16},"end":{"line":219,"column":53}},"type":"binary-expr","locations":[{"start":{"line":219,"column":16},"end":{"line":219,"column":27}},{"start":{"line":219,"column":31},"end":{"line":219,"column":53}}],"line":219},"20":{"loc":{"start":{"line":225,"column":16},"end":{"line":229,"column":null}},"type":"if","locations":[{"start":{"line":225,"column":16},"end":{"line":229,"column":null}},{"start":{},"end":{}}],"line":225},"21":{"loc":{"start":{"line":225,"column":16},"end":{"line":225,"column":53}},"type":"binary-expr","locations":[{"start":{"line":225,"column":16},"end":{"line":225,"column":27}},{"start":{"line":225,"column":31},"end":{"line":225,"column":53}}],"line":225},"22":{"loc":{"start":{"line":239,"column":16},"end":{"line":243,"column":null}},"type":"if","locations":[{"start":{"line":239,"column":16},"end":{"line":243,"column":null}},{"start":{},"end":{}}],"line":239},"23":{"loc":{"start":{"line":256,"column":16},"end":{"line":269,"column":null}},"type":"if","locations":[{"start":{"line":256,"column":16},"end":{"line":269,"column":null}},{"start":{},"end":{}}],"line":256},"24":{"loc":{"start":{"line":264,"column":20},"end":{"line":268,"column":null}},"type":"if","locations":[{"start":{"line":264,"column":20},"end":{"line":268,"column":null}},{"start":{},"end":{}}],"line":264},"25":{"loc":{"start":{"line":275,"column":16},"end":{"line":279,"column":null}},"type":"if","locations":[{"start":{"line":275,"column":16},"end":{"line":279,"column":null}},{"start":{},"end":{}}],"line":275},"26":{"loc":{"start":{"line":295,"column":16},"end":{"line":300,"column":null}},"type":"if","locations":[{"start":{"line":295,"column":16},"end":{"line":300,"column":null}},{"start":{},"end":{}}],"line":295},"27":{"loc":{"start":{"line":315,"column":16},"end":{"line":319,"column":null}},"type":"if","locations":[{"start":{"line":315,"column":16},"end":{"line":319,"column":null}},{"start":{},"end":{}}],"line":315},"28":{"loc":{"start":{"line":335,"column":16},"end":{"line":338,"column":null}},"type":"if","locations":[{"start":{"line":335,"column":16},"end":{"line":338,"column":null}},{"start":{},"end":{}}],"line":335},"29":{"loc":{"start":{"line":337,"column":63},"end":{"line":337,"column":99}},"type":"cond-expr","locations":[{"start":{"line":337,"column":88},"end":{"line":337,"column":95}},{"start":{"line":337,"column":98},"end":{"line":337,"column":99}}],"line":337},"30":{"loc":{"start":{"line":342,"column":54},"end":{"line":342,"column":67}},"type":"default-arg","locations":[{"start":{"line":342,"column":63},"end":{"line":342,"column":67}}],"line":342},"31":{"loc":{"start":{"line":342,"column":69},"end":{"line":342,"column":81}},"type":"default-arg","locations":[{"start":{"line":342,"column":77},"end":{"line":342,"column":81}}],"line":342},"32":{"loc":{"start":{"line":349,"column":16},"end":{"line":352,"column":null}},"type":"if","locations":[{"start":{"line":349,"column":16},"end":{"line":352,"column":null}},{"start":{},"end":{}}],"line":349},"33":{"loc":{"start":{"line":351,"column":37},"end":{"line":351,"column":76}},"type":"cond-expr","locations":[{"start":{"line":351,"column":60},"end":{"line":351,"column":72}},{"start":{"line":351,"column":75},"end":{"line":351,"column":76}}],"line":351},"34":{"loc":{"start":{"line":358,"column":13},"end":{"line":358,"column":null}},"type":"if","locations":[{"start":{"line":358,"column":13},"end":{"line":358,"column":null}},{"start":{},"end":{}}],"line":358},"35":{"loc":{"start":{"line":370,"column":16},"end":{"line":370,"column":null}},"type":"if","locations":[{"start":{"line":370,"column":16},"end":{"line":370,"column":null}},{"start":{},"end":{}}],"line":370},"36":{"loc":{"start":{"line":381,"column":16},"end":{"line":381,"column":null}},"type":"if","locations":[{"start":{"line":381,"column":16},"end":{"line":381,"column":null}},{"start":{},"end":{}}],"line":381},"37":{"loc":{"start":{"line":387,"column":12},"end":{"line":387,"column":null}},"type":"if","locations":[{"start":{"line":387,"column":12},"end":{"line":387,"column":null}},{"start":{},"end":{}}],"line":387},"38":{"loc":{"start":{"line":391,"column":13},"end":{"line":394,"column":null}},"type":"if","locations":[{"start":{"line":391,"column":13},"end":{"line":394,"column":null}},{"start":{},"end":{}}],"line":391},"39":{"loc":{"start":{"line":405,"column":16},"end":{"line":408,"column":null}},"type":"if","locations":[{"start":{"line":405,"column":16},"end":{"line":408,"column":null}},{"start":{},"end":{}}],"line":405},"40":{"loc":{"start":{"line":407,"column":53},"end":{"line":407,"column":87}},"type":"cond-expr","locations":[{"start":{"line":407,"column":76},"end":{"line":407,"column":83}},{"start":{"line":407,"column":86},"end":{"line":407,"column":87}}],"line":407},"41":{"loc":{"start":{"line":414,"column":9},"end":{"line":414,"column":null}},"type":"if","locations":[{"start":{"line":414,"column":9},"end":{"line":414,"column":null}},{"start":{},"end":{}}],"line":414},"42":{"loc":{"start":{"line":414,"column":9},"end":{"line":414,"column":null}},"type":"binary-expr","locations":[{"start":{"line":414,"column":9},"end":{"line":414,"column":23}},{"start":{"line":414,"column":19},"end":{"line":414,"column":null}}],"line":414},"43":{"loc":{"start":{"line":434,"column":21},"end":{"line":434,"column":null}},"type":"if","locations":[{"start":{"line":434,"column":21},"end":{"line":434,"column":null}},{"start":{},"end":{}}],"line":434},"44":{"loc":{"start":{"line":445,"column":35},"end":{"line":445,"column":159}},"type":"cond-expr","locations":[{"start":{"line":445,"column":102},"end":{"line":445,"column":124}},{"start":{"line":445,"column":124},"end":{"line":445,"column":159}}],"line":445},"45":{"loc":{"start":{"line":447,"column":35},"end":{"line":447,"column":159}},"type":"cond-expr","locations":[{"start":{"line":447,"column":102},"end":{"line":447,"column":124}},{"start":{"line":447,"column":124},"end":{"line":447,"column":159}}],"line":447},"46":{"loc":{"start":{"line":441,"column":21},"end":{"line":441,"column":null}},"type":"if","locations":[{"start":{"line":441,"column":21},"end":{"line":441,"column":null}},{"start":{"line":441,"column":46},"end":{"line":441,"column":null}}],"line":441},"47":{"loc":{"start":{"line":441,"column":21},"end":{"line":441,"column":null}},"type":"binary-expr","locations":[{"start":{"line":441,"column":21},"end":{"line":441,"column":35}},{"start":{"line":441,"column":31},"end":{"line":441,"column":null}}],"line":441},"48":{"loc":{"start":{"line":479,"column":32},"end":{"line":483,"column":null}},"type":"if","locations":[{"start":{"line":479,"column":32},"end":{"line":483,"column":null}},{"start":{"line":481,"column":35},"end":{"line":483,"column":null}}],"line":479},"49":{"loc":{"start":{"line":479,"column":32},"end":{"line":479,"column":128}},"type":"binary-expr","locations":[{"start":{"line":479,"column":32},"end":{"line":479,"column":81}},{"start":{"line":479,"column":77},"end":{"line":479,"column":128}}],"line":479},"50":{"loc":{"start":{"line":463,"column":21},"end":{"line":463,"column":null}},"type":"if","locations":[{"start":{"line":463,"column":21},"end":{"line":463,"column":null}},{"start":{"line":463,"column":37},"end":{"line":463,"column":null}}],"line":463},"51":{"loc":{"start":{"line":489,"column":21},"end":{"line":489,"column":null}},"type":"if","locations":[{"start":{"line":489,"column":21},"end":{"line":489,"column":null}},{"start":{"line":489,"column":40},"end":{"line":489,"column":null}}],"line":489},"52":{"loc":{"start":{"line":462,"column":17},"end":{"line":488,"column":null}},"type":"if","locations":[{"start":{"line":462,"column":17},"end":{"line":488,"column":null}},{"start":{"line":462,"column":36},"end":{"line":488,"column":null}}],"line":462},"53":{"loc":{"start":{"line":462,"column":36},"end":{"line":488,"column":null}},"type":"if","locations":[{"start":{"line":462,"column":36},"end":{"line":488,"column":null}},{"start":{},"end":{}}],"line":462}},"s":{"0":2,"1":2,"2":2,"3":2,"4":2,"5":2,"6":2,"7":2,"8":2,"9":2,"10":2,"11":2,"12":2,"13":2,"14":2,"15":2,"16":2,"17":2,"18":2,"19":2,"20":2,"21":2,"22":2,"23":2,"24":2,"25":2,"26":2,"27":2,"28":2,"29":2,"30":2,"31":2,"32":2,"33":1,"34":1,"35":1,"36":1,"37":1,"38":1,"39":1,"40":1,"41":1,"42":0,"43":0,"44":2,"45":2,"46":2,"47":2,"48":0,"49":2,"50":0,"51":2,"52":0,"53":2,"54":0,"55":2,"56":1,"57":1,"58":1,"59":2,"60":2,"61":1,"62":1,"63":1,"64":1,"65":1,"66":1,"67":1,"68":1,"69":0,"70":0,"71":0,"72":0,"73":1,"74":1,"75":1,"76":1,"77":1,"78":1,"79":1,"80":1,"81":0,"82":0,"83":0,"84":0,"85":0,"86":0,"87":0,"88":0,"89":0,"90":0,"91":0,"92":0,"93":0,"94":0,"95":0,"96":0,"97":0,"98":0,"99":0,"100":0,"101":0,"102":0,"103":0,"104":0,"105":0,"106":0,"107":0,"108":0,"109":0,"110":0,"111":0,"112":0,"113":0,"114":0,"115":0,"116":0,"117":0,"118":0,"119":0,"120":0,"121":0,"122":0,"123":0,"124":0,"125":0,"126":0,"127":0,"128":0,"129":0,"130":0,"131":0,"132":0,"133":0,"134":0,"135":0,"136":0,"137":0,"138":0,"139":0,"140":0,"141":0,"142":0,"143":0,"144":0,"145":0,"146":0,"147":0,"148":0,"149":0,"150":0,"151":0,"152":0,"153":0,"154":0,"155":0,"156":0,"157":0,"158":0,"159":0,"160":0,"161":0,"162":0,"163":0,"164":0,"165":0,"166":0,"167":0,"168":0,"169":0,"170":0,"171":0,"172":0,"173":0,"174":0,"175":0,"176":0,"177":0,"178":0,"179":0,"180":0,"181":0,"182":0,"183":0,"184":0,"185":0,"186":0,"187":0,"188":0,"189":0,"190":0,"191":0,"192":0,"193":0,"194":0,"195":0,"196":0,"197":0,"198":0,"199":0,"200":0,"201":0,"202":0,"203":0,"204":0,"205":0,"206":0,"207":0,"208":0,"209":0,"210":0,"211":0,"212":0,"213":0,"214":0,"215":0,"216":0,"217":0,"218":0,"219":0,"220":0,"221":0,"222":0,"223":0,"224":0,"225":2,"226":2,"227":1,"228":1,"229":4,"230":0,"231":0,"232":3,"233":1,"234":1,"235":1,"236":0,"237":0,"238":0,"239":0,"240":3,"241":1,"242":2,"243":2,"244":2,"245":2,"246":2,"247":0,"248":0,"249":0,"250":2,"251":0,"252":2,"253":2,"254":2,"255":1,"256":1,"257":1,"258":1,"259":1,"260":1,"261":1,"262":1,"263":1,"264":1,"265":0,"266":1,"267":0,"268":1,"269":2,"270":0,"271":2,"272":3,"273":2,"274":2,"275":2,"276":2,"277":0,"278":0,"279":0,"280":2,"281":3,"282":18,"283":8,"284":0,"285":0,"286":0,"287":0,"288":0,"289":0,"290":0,"291":2,"292":2,"293":0,"294":0,"295":0,"296":0,"297":0,"298":0,"299":0,"300":0,"301":0,"302":0,"303":0,"304":0,"305":0,"306":0,"307":0,"308":0,"309":0,"310":0,"311":0,"312":0,"313":0,"314":0,"315":0,"316":2,"317":2,"318":0,"319":0,"320":2,"321":2,"322":4,"323":0,"324":0,"325":0,"326":2,"327":2,"328":4,"329":0,"330":0,"331":0,"332":2,"333":2,"334":2,"335":4,"336":0,"337":0,"338":0,"339":2,"340":2,"341":2,"342":0,"343":2,"344":6,"345":0,"346":0,"347":2,"348":2,"349":4,"350":0,"351":2,"352":2,"353":6,"354":0,"355":0,"356":2,"357":2},"f":{"0":2,"1":2,"2":2,"3":2,"4":1,"5":1,"6":0,"7":1,"8":1,"9":0,"10":0,"11":0,"12":0,"13":0,"14":0,"15":0,"16":0,"17":0,"18":0,"19":0,"20":0,"21":0,"22":0,"23":0,"24":0,"25":0,"26":0,"27":0,"28":0,"29":1,"30":0,"31":0,"32":0,"33":0,"34":0,"35":0,"36":2,"37":0,"38":2,"39":0,"40":0,"41":2,"42":0,"43":0,"44":0,"45":0,"46":0,"47":0,"48":0,"49":0,"50":0,"51":0,"52":0,"53":2,"54":0,"55":2,"56":0,"57":0,"58":2,"59":0,"60":0,"61":0,"62":2,"63":0,"64":0,"65":2,"66":0,"67":2,"68":0,"69":2},"b":{"0":[1,1],"1":[0,1],"2":[0,2],"3":[0,2],"4":[0,2],"5":[0,2],"6":[1,0],"7":[1,0],"8":[1,0],"9":[0,0],"10":[1,0],"11":[1,0],"12":[0,0],"13":[0,0],"14":[0,0],"15":[0,0],"16":[0,0],"17":[0,0],"18":[0,0],"19":[0,0],"20":[0,0],"21":[0,0],"22":[0,0],"23":[0,0],"24":[0,0],"25":[0,0],"26":[0,0],"27":[0,0],"28":[0,0],"29":[0,0],"30":[0],"31":[0],"32":[0,0],"33":[0,0],"34":[0,0],"35":[0,0],"36":[0,0],"37":[0,0],"38":[0,0],"39":[0,0],"40":[0,0],"41":[1,2],"42":[3,1],"43":[0,2],"44":[0,1],"45":[1,0],"46":[1,2],"47":[3,1],"48":[0,0],"49":[0,0],"50":[0,2],"51":[0,0],"52":[2,0],"53":[0,0]},"meta":{"lastBranch":0,"lastFunction":0,"lastStatement":0,"seen":{}}}
,"/home/catz/dev/keystone/resources/js/components/features/LandlordDashboard.svelte": {"path":"/home/catz/dev/keystone/resources/js/components/features/LandlordDashboard.svelte","statementMap":{"0":{"start":{"line":16,"column":27},"end":{"line":16,"column":null}},"1":{"start":{"line":25,"column":4},"end":{"line":25,"column":null}},"2":{"start":{"line":26,"column":11},"end":{"line":25,"column":null}},"3":{"start":{"line":27,"column":12},"end":{"line":26,"column":null}},"4":{"start":{"line":28,"column":16},"end":{"line":27,"column":null}},"5":{"start":{"line":29,"column":19},"end":{"line":28,"column":null}},"6":{"start":{"line":29,"column":17},"end":{"line":29,"column":null}},"7":{"start":{"line":32,"column":18},"end":{"line":29,"column":null}},"8":{"start":{"line":32,"column":17},"end":{"line":32,"column":null}},"9":{"start":{"line":33,"column":42},"end":{"line":35,"column":null}},"10":{"start":{"line":33,"column":54},"end":{"line":33,"column":null}},"11":{"start":{"line":33,"column":54},"end":{"line":35,"column":null}},"12":{"start":{"line":34,"column":55},"end":{"line":34,"column":null}},"13":{"start":{"line":34,"column":55},"end":{"line":35,"column":null}},"14":{"start":{"line":35,"column":60},"end":{"line":35,"column":null}},"15":{"start":{"line":28,"column":13},"end":{"line":28,"column":null}},"16":{"start":{"line":41,"column":17},"end":{"line":42,"column":null}},"17":{"start":{"line":42,"column":21},"end":{"line":42,"column":null}},"18":{"start":{"line":40,"column":34},"end":{"line":40,"column":null}},"19":{"start":{"line":40,"column":46},"end":{"line":40,"column":null}},"20":{"start":{"line":27,"column":9},"end":{"line":27,"column":null}},"21":{"start":{"line":26,"column":5},"end":{"line":26,"column":null}},"22":{"start":{"line":50,"column":12},"end":{"line":50,"column":null}},"23":{"start":{"line":50,"column":9},"end":{"line":66,"column":null}},"24":{"start":{"line":52,"column":33},"end":{"line":52,"column":null}},"25":{"start":{"line":52,"column":33},"end":{"line":52,"column":96}},"26":{"start":{"line":52,"column":58},"end":{"line":52,"column":92}},"27":{"start":{"line":52,"column":24},"end":{"line":52,"column":36}},"28":{"start":{"line":53,"column":17},"end":{"line":66,"column":null}},"29":{"start":{"line":54,"column":24},"end":{"line":54,"column":null}},"30":{"start":{"line":54,"column":21},"end":{"line":54,"column":null}},"31":{"start":{"line":56,"column":32},"end":{"line":56,"column":48}},"32":{"start":{"line":56,"column":29},"end":{"line":56,"column":65}},"33":{"start":{"line":56,"column":29},"end":{"line":56,"column":null}},"34":{"start":{"line":56,"column":29},"end":{"line":56,"column":48}},"35":{"start":{"line":58,"column":33},"end":{"line":58,"column":null}},"36":{"start":{"line":58,"column":29},"end":{"line":58,"column":null}},"37":{"start":{"line":55,"column":29},"end":{"line":55,"column":null}},"38":{"start":{"line":55,"column":38},"end":{"line":55,"column":null}},"39":{"start":{"line":60,"column":28},"end":{"line":60,"column":null}},"40":{"start":{"line":60,"column":25},"end":{"line":60,"column":null}},"41":{"start":{"line":61,"column":41},"end":{"line":61,"column":96}},"42":{"start":{"line":61,"column":41},"end":{"line":61,"column":93}},"43":{"start":{"line":61,"column":29},"end":{"line":61,"column":null}},"44":{"start":{"line":61,"column":96},"end":{"line":61,"column":null}},"45":{"start":{"line":64,"column":24},"end":{"line":54,"column":null}},"46":{"start":{"line":65,"column":27},"end":{"line":64,"column":null}},"47":{"start":{"line":65,"column":25},"end":{"line":65,"column":92}},"48":{"start":{"line":66,"column":26},"end":{"line":65,"column":92}},"49":{"start":{"line":66,"column":25},"end":{"line":66,"column":75}},"50":{"start":{"line":67,"column":28},"end":{"line":66,"column":75}},"51":{"start":{"line":67,"column":25},"end":{"line":67,"column":null}},"52":{"start":{"line":68,"column":29},"end":{"line":68,"column":null}},"53":{"start":{"line":68,"column":49},"end":{"line":68,"column":null}},"54":{"start":{"line":69,"column":29},"end":{"line":69,"column":null}},"55":{"start":{"line":64,"column":21},"end":{"line":64,"column":null}},"56":{"start":{"line":65,"column":92},"end":{"line":65,"column":null}},"57":{"start":{"line":66,"column":75},"end":{"line":66,"column":null}},"58":{"start":{"line":50,"column":9},"end":{"line":50,"column":null}},"59":{"start":{"line":76,"column":9},"end":{"line":81,"column":null}},"60":{"start":{"line":81,"column":29},"end":{"line":81,"column":null}},"61":{"start":{"line":84,"column":9},"end":{"line":84,"column":null}},"62":{"start":{"line":91,"column":16},"end":{"line":91,"column":null}},"63":{"start":{"line":92,"column":22},"end":{"line":91,"column":null}},"64":{"start":{"line":102,"column":26},"end":{"line":92,"column":null}},"65":{"start":{"line":102,"column":21},"end":{"line":104,"column":null}},"66":{"start":{"line":104,"column":31},"end":{"line":104,"column":null}},"67":{"start":{"line":105,"column":35},"end":{"line":104,"column":null}},"68":{"start":{"line":105,"column":33},"end":{"line":105,"column":null}},"69":{"start":{"line":108,"column":35},"end":{"line":105,"column":null}},"70":{"start":{"line":109,"column":38},"end":{"line":108,"column":null}},"71":{"start":{"line":109,"column":37},"end":{"line":109,"column":85}},"72":{"start":{"line":108,"column":33},"end":{"line":108,"column":null}},"73":{"start":{"line":111,"column":35},"end":{"line":108,"column":null}},"74":{"start":{"line":112,"column":38},"end":{"line":111,"column":null}},"75":{"start":{"line":112,"column":37},"end":{"line":112,"column":85}},"76":{"start":{"line":114,"column":42},"end":{"line":114,"column":87}},"77":{"start":{"line":114,"column":41},"end":{"line":114,"column":87}},"78":{"start":{"line":114,"column":87},"end":{"line":114,"column":null}},"79":{"start":{"line":113,"column":41},"end":{"line":113,"column":null}},"80":{"start":{"line":113,"column":60},"end":{"line":113,"column":null}},"81":{"start":{"line":111,"column":33},"end":{"line":111,"column":null}},"82":{"start":{"line":117,"column":35},"end":{"line":111,"column":null}},"83":{"start":{"line":117,"column":33},"end":{"line":117,"column":null}},"84":{"start":{"line":119,"column":40},"end":{"line":121,"column":null}},"85":{"start":{"line":119,"column":40},"end":{"line":121,"column":92}},"86":{"start":{"line":118,"column":37},"end":{"line":123,"column":66}},"87":{"start":{"line":123,"column":45},"end":{"line":123,"column":66}},"88":{"start":{"line":123,"column":41},"end":{"line":123,"column":66}},"89":{"start":{"line":123,"column":66},"end":{"line":123,"column":null}},"90":{"start":{"line":123,"column":66},"end":{"line":123,"column":73}},"91":{"start":{"line":126,"column":35},"end":{"line":117,"column":null}},"92":{"start":{"line":126,"column":33},"end":{"line":126,"column":null}},"93":{"start":{"line":128,"column":41},"end":{"line":128,"column":null}},"94":{"start":{"line":128,"column":119},"end":{"line":128,"column":null}},"95":{"start":{"line":132,"column":41},"end":{"line":132,"column":null}},"96":{"start":{"line":132,"column":157},"end":{"line":132,"column":null}},"97":{"start":{"line":127,"column":41},"end":{"line":131,"column":null}},"98":{"start":{"line":127,"column":70},"end":{"line":127,"column":null}},"99":{"start":{"line":127,"column":70},"end":{"line":131,"column":null}},"100":{"start":{"line":131,"column":78},"end":{"line":131,"column":null}},"101":{"start":{"line":104,"column":29},"end":{"line":104,"column":null}},"102":{"start":{"line":109,"column":85},"end":{"line":109,"column":null}},"103":{"start":{"line":112,"column":85},"end":{"line":112,"column":null}},"104":{"start":{"line":106,"column":41},"end":{"line":106,"column":null}},"105":{"start":{"line":102,"column":21},"end":{"line":102,"column":null}},"106":{"start":{"line":92,"column":17},"end":{"line":92,"column":null}},"107":{"start":{"line":91,"column":13},"end":{"line":91,"column":null}},"108":{"start":{"line":143,"column":13},"end":{"line":143,"column":null}},"109":{"start":{"line":90,"column":13},"end":{"line":90,"column":null}},"110":{"start":{"line":90,"column":43},"end":{"line":90,"column":null}},"111":{"start":{"line":49,"column":26},"end":{"line":89,"column":null}},"112":{"start":{"line":49,"column":38},"end":{"line":49,"column":null}},"113":{"start":{"line":49,"column":38},"end":{"line":89,"column":null}},"114":{"start":{"line":75,"column":39},"end":{"line":75,"column":null}},"115":{"start":{"line":75,"column":39},"end":{"line":89,"column":null}},"116":{"start":{"line":83,"column":39},"end":{"line":83,"column":null}},"117":{"start":{"line":83,"column":39},"end":{"line":89,"column":null}},"118":{"start":{"line":89,"column":44},"end":{"line":89,"column":null}},"119":{"start":{"line":25,"column":1},"end":{"line":25,"column":null}},"120":{"start":{"line":30,"column":38},"end":{"line":30,"column":null}}},"fnMap":{"0":{"name":"LandlordDashboard","decl":{"start":{"line":1,"column":0},"end":{"line":1,"column":null}},"loc":{"start":{"line":1,"column":0},"end":{"line":23,"column":null}},"line":1},"1":{"name":"(anonymous_1)","decl":{"start":{"line":16,"column":27},"end":{"line":16,"column":null}},"loc":{"start":{"line":16,"column":27},"end":{"line":16,"column":null}},"line":16},"2":{"name":"(anonymous_2)","decl":{"start":{"line":41,"column":17},"end":{"line":41,"column":23}},"loc":{"start":{"line":41,"column":17},"end":{"line":42,"column":null}},"line":41},"3":{"name":"(anonymous_3)","decl":{"start":{"line":42,"column":21},"end":{"line":42,"column":25}},"loc":{"start":{"line":42,"column":21},"end":{"line":42,"column":null}},"line":42},"4":{"name":"(anonymous_4)","decl":{"start":{"line":50,"column":9},"end":{"line":50,"column":12}},"loc":{"start":{"line":50,"column":9},"end":{"line":66,"column":null}},"line":50},"5":{"name":"(anonymous_5)","decl":{"start":{"line":50,"column":12},"end":{"line":50,"column":null}},"loc":{"start":{"line":50,"column":12},"end":{"line":50,"column":null}},"line":50},"6":{"name":"(anonymous_6)","decl":{"start":{"line":52,"column":33},"end":{"line":52,"column":36}},"loc":{"start":{"line":52,"column":33},"end":{"line":52,"column":96}},"line":52},"7":{"name":"(anonymous_7)","decl":{"start":{"line":52,"column":56},"end":{"line":52,"column":57}},"loc":{"start":{"line":52,"column":58},"end":{"line":52,"column":92}},"line":52},"8":{"name":"(anonymous_8)","decl":{"start":{"line":53,"column":17},"end":{"line":53,"column":21}},"loc":{"start":{"line":53,"column":17},"end":{"line":66,"column":null}},"line":53},"9":{"name":"(anonymous_9)","decl":{"start":{"line":61,"column":41},"end":{"line":61,"column":49}},"loc":{"start":{"line":61,"column":41},"end":{"line":61,"column":93}},"line":61},"10":{"name":"(anonymous_10)","decl":{"start":{"line":61,"column":29},"end":{"line":61,"column":34}},"loc":{"start":{"line":61,"column":29},"end":{"line":61,"column":null}},"line":61},"11":{"name":"(anonymous_11)","decl":{"start":{"line":61,"column":96},"end":{"line":61,"column":104}},"loc":{"start":{"line":61,"column":96},"end":{"line":61,"column":null}},"line":61},"12":{"name":"(anonymous_12)","decl":{"start":{"line":68,"column":29},"end":{"line":68,"column":41}},"loc":{"start":{"line":68,"column":29},"end":{"line":68,"column":null}},"line":68},"13":{"name":"(anonymous_13)","decl":{"start":{"line":69,"column":29},"end":{"line":69,"column":35}},"loc":{"start":{"line":69,"column":29},"end":{"line":69,"column":null}},"line":69},"14":{"name":"(anonymous_14)","decl":{"start":{"line":76,"column":9},"end":{"line":76,"column":19}},"loc":{"start":{"line":76,"column":9},"end":{"line":81,"column":null}},"line":76},"15":{"name":"(anonymous_15)","decl":{"start":{"line":81,"column":23},"end":{"line":81,"column":24}},"loc":{"start":{"line":81,"column":29},"end":{"line":81,"column":null}},"line":81},"16":{"name":"(anonymous_16)","decl":{"start":{"line":84,"column":9},"end":{"line":84,"column":19}},"loc":{"start":{"line":84,"column":9},"end":{"line":84,"column":null}},"line":84},"17":{"name":"(anonymous_17)","decl":{"start":{"line":102,"column":21},"end":{"line":102,"column":26}},"loc":{"start":{"line":102,"column":21},"end":{"line":104,"column":null}},"line":102},"18":{"name":"(anonymous_18)","decl":{"start":{"line":103,"column":50},"end":{"line":103,"column":54}},"loc":{"start":{"line":103,"column":61},"end":{"line":104,"column":null}},"line":103},"19":{"name":"(anonymous_19)","decl":{"start":{"line":114,"column":87},"end":{"line":114,"column":94}},"loc":{"start":{"line":114,"column":87},"end":{"line":114,"column":null}},"line":114},"20":{"name":"(anonymous_20)","decl":{"start":{"line":119,"column":40},"end":{"line":119,"column":47}},"loc":{"start":{"line":119,"column":40},"end":{"line":121,"column":92}},"line":119},"21":{"name":"(anonymous_21)","decl":{"start":{"line":118,"column":37},"end":{"line":118,"column":42}},"loc":{"start":{"line":118,"column":37},"end":{"line":123,"column":66}},"line":118},"22":{"name":"(anonymous_22)","decl":{"start":{"line":123,"column":66},"end":{"line":123,"column":73}},"loc":{"start":{"line":123,"column":66},"end":{"line":123,"column":73}},"line":123},"23":{"name":"(anonymous_23)","decl":{"start":{"line":128,"column":41},"end":{"line":128,"column":47}},"loc":{"start":{"line":128,"column":41},"end":{"line":128,"column":null}},"line":128},"24":{"name":"(anonymous_24)","decl":{"start":{"line":128,"column":119},"end":{"line":128,"column":126}},"loc":{"start":{"line":128,"column":119},"end":{"line":128,"column":null}},"line":128},"25":{"name":"(anonymous_25)","decl":{"start":{"line":132,"column":41},"end":{"line":132,"column":47}},"loc":{"start":{"line":132,"column":41},"end":{"line":132,"column":null}},"line":132},"26":{"name":"(anonymous_26)","decl":{"start":{"line":132,"column":157},"end":{"line":132,"column":164}},"loc":{"start":{"line":132,"column":157},"end":{"line":132,"column":null}},"line":132},"27":{"name":"(anonymous_27)","decl":{"start":{"line":106,"column":41},"end":{"line":106,"column":45}},"loc":{"start":{"line":106,"column":41},"end":{"line":106,"column":null}},"line":106},"28":{"name":"(anonymous_28)","decl":{"start":{"line":143,"column":13},"end":{"line":143,"column":23}},"loc":{"start":{"line":143,"column":13},"end":{"line":143,"column":null}},"line":143},"29":{"name":"(anonymous_29)","decl":{"start":{"line":30,"column":38},"end":{"line":30,"column":50}},"loc":{"start":{"line":30,"column":38},"end":{"line":30,"column":null}},"line":30}},"branchMap":{"0":{"loc":{"start":{"line":33,"column":42},"end":{"line":35,"column":null}},"type":"if","locations":[{"start":{"line":33,"column":42},"end":{"line":35,"column":null}},{"start":{"line":33,"column":54},"end":{"line":35,"column":null}}],"line":33},"1":{"loc":{"start":{"line":33,"column":54},"end":{"line":35,"column":null}},"type":"if","locations":[{"start":{"line":33,"column":54},"end":{"line":35,"column":null}},{"start":{"line":34,"column":55},"end":{"line":35,"column":null}}],"line":33},"2":{"loc":{"start":{"line":34,"column":55},"end":{"line":35,"column":null}},"type":"if","locations":[{"start":{"line":34,"column":55},"end":{"line":35,"column":null}},{"start":{"line":35,"column":60},"end":{"line":35,"column":null}}],"line":34},"3":{"loc":{"start":{"line":40,"column":34},"end":{"line":40,"column":null}},"type":"if","locations":[{"start":{"line":40,"column":34},"end":{"line":40,"column":null}},{"start":{},"end":{}}],"line":40},"4":{"loc":{"start":{"line":56,"column":32},"end":{"line":56,"column":65}},"type":"binary-expr","locations":[{"start":{"line":56,"column":32},"end":{"line":56,"column":65}},{"start":{"line":56,"column":57},"end":{"line":56,"column":65}}],"line":56},"5":{"loc":{"start":{"line":55,"column":29},"end":{"line":55,"column":null}},"type":"if","locations":[{"start":{"line":55,"column":29},"end":{"line":55,"column":null}},{"start":{"line":55,"column":38},"end":{"line":55,"column":null}}],"line":55},"6":{"loc":{"start":{"line":61,"column":41},"end":{"line":61,"column":93}},"type":"cond-expr","locations":[{"start":{"line":61,"column":75},"end":{"line":61,"column":84}},{"start":{"line":61,"column":87},"end":{"line":61,"column":93}}],"line":61},"7":{"loc":{"start":{"line":113,"column":41},"end":{"line":113,"column":null}},"type":"if","locations":[{"start":{"line":113,"column":41},"end":{"line":113,"column":null}},{"start":{},"end":{}}],"line":113},"8":{"loc":{"start":{"line":119,"column":40},"end":{"line":121,"column":92}},"type":"cond-expr","locations":[{"start":{"line":119,"column":72},"end":{"line":119,"column":null}},{"start":{"line":120,"column":40},"end":{"line":121,"column":92}}],"line":119},"9":{"loc":{"start":{"line":120,"column":40},"end":{"line":121,"column":92}},"type":"cond-expr","locations":[{"start":{"line":120,"column":75},"end":{"line":120,"column":null}},{"start":{"line":121,"column":40},"end":{"line":121,"column":92}}],"line":120},"10":{"loc":{"start":{"line":121,"column":40},"end":{"line":121,"column":92}},"type":"cond-expr","locations":[{"start":{"line":121,"column":72},"end":{"line":121,"column":81}},{"start":{"line":121,"column":84},"end":{"line":121,"column":92}}],"line":121},"11":{"loc":{"start":{"line":127,"column":41},"end":{"line":131,"column":null}},"type":"if","locations":[{"start":{"line":127,"column":41},"end":{"line":131,"column":null}},{"start":{"line":127,"column":70},"end":{"line":131,"column":null}}],"line":127},"12":{"loc":{"start":{"line":127,"column":70},"end":{"line":131,"column":null}},"type":"if","locations":[{"start":{"line":127,"column":70},"end":{"line":131,"column":null}},{"start":{},"end":{}}],"line":127},"13":{"loc":{"start":{"line":90,"column":13},"end":{"line":90,"column":null}},"type":"if","locations":[{"start":{"line":90,"column":13},"end":{"line":90,"column":null}},{"start":{"line":90,"column":43},"end":{"line":90,"column":null}}],"line":90},"14":{"loc":{"start":{"line":49,"column":26},"end":{"line":89,"column":null}},"type":"if","locations":[{"start":{"line":49,"column":26},"end":{"line":89,"column":null}},{"start":{"line":49,"column":38},"end":{"line":89,"column":null}}],"line":49},"15":{"loc":{"start":{"line":49,"column":38},"end":{"line":89,"column":null}},"type":"if","locations":[{"start":{"line":49,"column":38},"end":{"line":89,"column":null}},{"start":{"line":75,"column":39},"end":{"line":89,"column":null}}],"line":49},"16":{"loc":{"start":{"line":75,"column":39},"end":{"line":89,"column":null}},"type":"if","locations":[{"start":{"line":75,"column":39},"end":{"line":89,"column":null}},{"start":{"line":83,"column":39},"end":{"line":89,"column":null}}],"line":75},"17":{"loc":{"start":{"line":83,"column":39},"end":{"line":89,"column":null}},"type":"if","locations":[{"start":{"line":83,"column":39},"end":{"line":89,"column":null}},{"start":{},"end":{}}],"line":83},"18":{"loc":{"start":{"line":30,"column":38},"end":{"line":30,"column":195}},"type":"cond-expr","locations":[{"start":{"line":30,"column":53},"end":{"line":30,"column":85}},{"start":{"line":30,"column":85},"end":{"line":30,"column":195}}],"line":30},"19":{"loc":{"start":{"line":30,"column":85},"end":{"line":30,"column":195}},"type":"cond-expr","locations":[{"start":{"line":30,"column":96},"end":{"line":30,"column":132}},{"start":{"line":30,"column":132},"end":{"line":30,"column":195}}],"line":30},"20":{"loc":{"start":{"line":30,"column":132},"end":{"line":30,"column":195}},"type":"cond-expr","locations":[{"start":{"line":30,"column":148},"end":{"line":30,"column":172}},{"start":{"line":30,"column":175},"end":{"line":30,"column":195}}],"line":30}},"s":{"0":4,"1":6,"2":6,"3":6,"4":6,"5":6,"6":6,"7":6,"8":6,"9":6,"10":1,"11":5,"12":1,"13":4,"14":1,"15":6,"16":1,"17":1,"18":6,"19":1,"20":6,"21":6,"22":1,"23":1,"24":1,"25":1,"26":0,"27":1,"28":1,"29":1,"30":1,"31":0,"32":0,"33":0,"34":0,"35":1,"36":1,"37":1,"38":1,"39":1,"40":1,"41":1,"42":1,"43":1,"44":1,"45":1,"46":1,"47":1,"48":1,"49":1,"50":1,"51":1,"52":1,"53":1,"54":1,"55":1,"56":1,"57":1,"58":1,"59":1,"60":0,"61":1,"62":2,"63":2,"64":2,"65":2,"66":2,"67":2,"68":2,"69":2,"70":2,"71":2,"72":2,"73":2,"74":2,"75":2,"76":0,"77":0,"78":0,"79":2,"80":0,"81":2,"82":2,"83":2,"84":2,"85":2,"86":2,"87":2,"88":2,"89":2,"90":2,"91":2,"92":2,"93":2,"94":1,"95":0,"96":0,"97":2,"98":2,"99":0,"100":0,"101":2,"102":2,"103":2,"104":2,"105":2,"106":2,"107":2,"108":1,"109":3,"110":1,"111":6,"112":1,"113":5,"114":1,"115":4,"116":1,"117":3,"118":3,"119":6,"120":6},"f":{"0":6,"1":4,"2":1,"3":1,"4":1,"5":2,"6":1,"7":0,"8":1,"9":1,"10":1,"11":1,"12":1,"13":1,"14":1,"15":0,"16":1,"17":2,"18":2,"19":0,"20":2,"21":2,"22":4,"23":2,"24":1,"25":0,"26":0,"27":2,"28":1,"29":6},"b":{"0":[1,5],"1":[1,4],"2":[3,1],"3":[1,5],"4":[0,0],"5":[0,1],"6":[1,0],"7":[0,2],"8":[2,0],"9":[0,0],"10":[0,0],"11":[2,0],"12":[0,0],"13":[2,1],"14":[1,5],"15":[1,4],"16":[1,3],"17":[3,0],"18":[1,5],"19":[1,4],"20":[3,1]},"meta":{"lastBranch":21,"lastFunction":30,"lastStatement":121,"seen":{"f:1:0:1:Infinity":0,"s:16:27:16:Infinity":0,"f:16:27:16:Infinity":1,"s:25:4:25:Infinity":1,"s:26:11:25:Infinity":2,"s:27:12:26:Infinity":3,"s:28:16:27:Infinity":4,"s:29:19:28:Infinity":5,"s:29:17:29:Infinity":6,"s:32:18:29:Infinity":7,"s:32:17:32:Infinity":8,"b:33:42:35:Infinity:33:54:35:Infinity":0,"s:33:42:35:Infinity":9,"s:33:54:33:Infinity":10,"b:33:54:35:Infinity:34:55:35:Infinity":1,"s:33:54:35:Infinity":11,"s:34:55:34:Infinity":12,"b:34:55:35:Infinity:35:60:35:Infinity":2,"s:34:55:35:Infinity":13,"s:35:60:35:Infinity":14,"s:28:13:28:Infinity":15,"f:41:17:41:23":2,"s:41:17:42:Infinity":16,"s:42:21:42:Infinity":17,"f:42:21:42:25":3,"b:40:34:40:Infinity:undefined:undefined:undefined:undefined":3,"s:40:34:40:Infinity":18,"s:40:46:40:Infinity":19,"s:27:9:27:Infinity":20,"s:26:5:26:Infinity":21,"s:50:12:50:Infinity":22,"f:50:9:50:12":4,"s:50:9:66:Infinity":23,"f:50:12:50:Infinity":5,"s:52:33:52:Infinity":24,"f:52:33:52:36":6,"s:52:33:52:96":25,"f:52:56:52:57":7,"s:52:58:52:92":26,"s:52:24:52:36":27,"f:53:17:53:21":8,"s:53:17:66:Infinity":28,"s:54:24:54:Infinity":29,"s:54:21:54:Infinity":30,"s:56:32:56:48":31,"s:56:29:56:65":32,"b:56:32:56:65:56:57:56:65":4,"s:56:29:56:Infinity":33,"s:56:29:56:48":34,"s:58:33:58:Infinity":35,"s:58:29:58:Infinity":36,"b:55:29:55:Infinity:55:38:55:Infinity":5,"s:55:29:55:Infinity":37,"s:55:38:55:Infinity":38,"s:60:28:60:Infinity":39,"s:60:25:60:Infinity":40,"s:61:41:61:96":41,"f:61:41:61:49":9,"s:61:41:61:93":42,"b:61:75:61:84:61:87:61:93":6,"f:61:29:61:34":10,"s:61:29:61:Infinity":43,"s:61:96:61:Infinity":44,"f:61:96:61:104":11,"s:64:24:54:Infinity":45,"s:65:27:64:Infinity":46,"s:65:25:65:92":47,"s:66:26:65:92":48,"s:66:25:66:75":49,"s:67:28:66:75":50,"s:67:25:67:Infinity":51,"f:68:29:68:41":12,"s:68:29:68:Infinity":52,"s:68:49:68:Infinity":53,"f:69:29:69:35":13,"s:69:29:69:Infinity":54,"s:64:21:64:Infinity":55,"s:65:92:65:Infinity":56,"s:66:75:66:Infinity":57,"s:50:9:50:Infinity":58,"f:76:9:76:19":14,"s:76:9:81:Infinity":59,"f:81:23:81:24":15,"s:81:29:81:Infinity":60,"f:84:9:84:19":16,"s:84:9:84:Infinity":61,"s:91:16:91:Infinity":62,"s:92:22:91:Infinity":63,"s:102:26:92:Infinity":64,"f:102:21:102:26":17,"s:102:21:104:Infinity":65,"f:103:50:103:54":18,"s:104:31:104:Infinity":66,"s:105:35:104:Infinity":67,"s:105:33:105:Infinity":68,"s:108:35:105:Infinity":69,"s:109:38:108:Infinity":70,"s:109:37:109:85":71,"s:108:33:108:Infinity":72,"s:111:35:108:Infinity":73,"s:112:38:111:Infinity":74,"s:112:37:112:85":75,"s:114:42:114:87":76,"s:114:41:114:87":77,"s:114:87:114:Infinity":78,"f:114:87:114:94":19,"b:113:41:113:Infinity:undefined:undefined:undefined:undefined":7,"s:113:41:113:Infinity":79,"s:113:60:113:Infinity":80,"s:111:33:111:Infinity":81,"s:117:35:111:Infinity":82,"s:117:33:117:Infinity":83,"s:119:40:121:Infinity":84,"f:119:40:119:47":20,"s:119:40:121:92":85,"b:119:72:119:Infinity:120:40:121:92":8,"b:120:75:120:Infinity:121:40:121:92":9,"b:121:72:121:81:121:84:121:92":10,"f:118:37:118:42":21,"s:118:37:123:66":86,"s:123:45:123:66":87,"s:123:41:123:66":88,"s:123:66:123:Infinity":89,"f:123:66:123:73":22,"s:123:66:123:73":90,"s:126:35:117:Infinity":91,"s:126:33:126:Infinity":92,"f:128:41:128:47":23,"s:128:41:128:Infinity":93,"f:128:119:128:126":24,"s:128:119:128:Infinity":94,"f:132:41:132:47":25,"s:132:41:132:Infinity":95,"f:132:157:132:164":26,"s:132:157:132:Infinity":96,"b:127:41:131:Infinity:127:70:131:Infinity":11,"s:127:41:131:Infinity":97,"s:127:70:127:Infinity":98,"b:127:70:131:Infinity:undefined:undefined:undefined:undefined":12,"s:127:70:131:Infinity":99,"s:131:78:131:Infinity":100,"s:104:29:104:Infinity":101,"s:109:85:109:Infinity":102,"s:112:85:112:Infinity
[...]
6,"4":1,"5":0,"6":3,"7":3,"8":6,"9":10,"10":0,"11":5,"12":3,"13":3,"14":6,"15":1,"16":6},"b":{"0":[5,5],"1":[3,0],"2":[5,0],"3":[3,3],"4":[5,5],"5":[10,0],"6":[3,3],"7":[6,0]},"meta":{"lastBranch":8,"lastFunction":17,"lastStatement":52,"seen":{"f:1:0:1:Infinity":0,"s:5:13:5:Infinity":0,"f:5:13:5:Infinity":1,"s:6:24:6:Infinity":1,"s:9:16:9:Infinity":2,"f:9:16:9:28":2,"s:9:28:9:Infinity":3,"f:9:40:9:41":3,"s:9:42:9:Infinity":4,"s:10:19:10:Infinity":5,"f:12:13:12:22":4,"s:13:8:13:Infinity":6,"f:16:13:16:22":5,"s:17:8:17:Infinity":7,"s:21:4:21:23":8,"s:22:8:21:23":9,"s:22:5:22:Infinity":10,"s:24:16:24:Infinity":11,"s:24:13:24:Infinity":12,"s:31:20:31:Infinity":13,"s:32:27:31:Infinity":14,"s:39:27:32:Infinity":15,"s:31:17:31:Infinity":16,"s:47:20:31:Infinity":17,"f:47:17:47:20":6,"s:47:17:49:Infinity":18,"f:47:20:47:Infinity":7,"s:47:20:48:37":19,"f:48:33:48:37":8,"s:49:31:49:Infinity":20,"s:49:25:52:Infinity":21,"s:49:25:50:Infinity":22,"f:49:25:49:31":9,"b:50:92:50:113:50:116:50:129":0,"s:49:25:51:Infinity":23,"f:49:31:49:Infinity":10,"s:51:43:51:Infinity":24,"s:49:25:49:Infinity":25,"s:47:17:47:Infinity":26,"s:32:21:34:Infinity":27,"s:39:21:41:Infinity":28,"b:30:17:30:Infinity:undefined:undefined:undefined:undefined":1,"s:30:17:30:Infinity":29,"s:30:34:30:Infinity":30,"s:24:13:25:Infinity":31,"f:24:13:24:16":11,"b:24:16:25:55:25:55:25:Infinity":2,"s:58:16:58:Infinity":32,"s:58:13:58:Infinity":33,"b:23:13:23:Infinity:23:30:23:Infinity":3,"s:23:13:23:Infinity":34,"s:23:30:23:Infinity":35,"s:66:12:66:Infinity":36,"f:66:9:66:12":12,"s:66:9:68:Infinity":37,"f:66:12:66:Infinity":13,"s:66:12:67:29":38,"f:67:25:67:29":14,"s:68:23:68:Infinity":39,"s:68:17:71:Infinity":40,"s:73:24:68:Infinity":41,"s:68:17:68:Infinity":42,"s:68:17:69:Infinity":43,"b:69:132:69:166:69:166:69:215":4,"s:73:21:73:Infinity":44,"b:73:24:73:48:73:48:73:Infinity":5,"s:68:17:70:Infinity":45,"f:68:23:68:Infinity":15,"s:70:35:70:Infinity":46,"s:66:9:66:Infinity":47,"b:65:9:65:Infinity:undefined:undefined:undefined:undefined":6,"s:65:9:65:Infinity":48,"s:65:26:65:Infinity":49,"s:21:1:21:23":50,"s:21:1:21:Infinity":51,"f:21:1:21:4":16,"b:21:23:21:Infinity:21:32:21:Infinity":7}}}
,"/home/catz/dev/keystone/resources/js/components/ui/Modal.svelte": {"path":"/home/catz/dev/keystone/resources/js/components/ui/Modal.svelte","statementMap":{"0":{"start":{"line":12,"column":16},"end":{"line":12,"column":null}},"1":{"start":{"line":13,"column":14},"end":{"line":13,"column":null}},"2":{"start":{"line":14,"column":17},"end":{"line":14,"column":null}},"3":{"start":{"line":18,"column":1},"end":{"line":51,"column":null}},"4":{"start":{"line":18,"column":46},"end":{"line":18,"column":null}},"5":{"start":{"line":19,"column":5},"end":{"line":51,"column":null}},"6":{"start":{"line":23,"column":19},"end":{"line":23,"column":null}},"7":{"start":{"line":20,"column":9},"end":{"line":22,"column":null}},"8":{"start":{"line":21,"column":24},"end":{"line":21,"column":null}},"9":{"start":{"line":28,"column":19},"end":{"line":31,"column":null}},"10":{"start":{"line":25,"column":9},"end":{"line":51,"column":null}},"11":{"start":{"line":26,"column":24},"end":{"line":26,"column":null}},"12":{"start":{"line":35,"column":17},"end":{"line":38,"column":null}},"13":{"start":{"line":38,"column":21},"end":{"line":38,"column":null}},"14":{"start":{"line":34,"column":17},"end":{"line":34,"column":null}},"15":{"start":{"line":34,"column":26},"end":{"line":34,"column":null}},"16":{"start":{"line":44,"column":20},"end":{"line":44,"column":null}},"17":{"start":{"line":44,"column":17},"end":{"line":44,"column":null}},"18":{"start":{"line":45,"column":21},"end":{"line":45,"column":null}},"19":{"start":{"line":51,"column":16},"end":{"line":51,"column":null}},"20":{"start":{"line":51,"column":13},"end":{"line":51,"column":null}}},"fnMap":{"0":{"name":"Modal","decl":{"start":{"line":1,"column":0},"end":{"line":1,"column":null}},"loc":{"start":{"line":1,"column":0},"end":{"line":16,"column":null}},"line":1},"1":{"name":"(anonymous_1)","decl":{"start":{"line":18,"column":42},"end":{"line":18,"column":46}},"loc":{"start":{"line":18,"column":46},"end":{"line":18,"column":null}},"line":18},"2":{"name":"(anonymous_2)","decl":{"start":{"line":23,"column":19},"end":{"line":23,"column":21}},"loc":{"start":{"line":23,"column":19},"end":{"line":23,"column":null}},"line":23},"3":{"name":"(anonymous_3)","decl":{"start":{"line":28,"column":19},"end":{"line":28,"column":21}},"loc":{"start":{"line":28,"column":19},"end":{"line":31,"column":null}},"line":28},"4":{"name":"(anonymous_4)","decl":{"start":{"line":38,"column":21},"end":{"line":38,"column":22}},"loc":{"start":{"line":38,"column":21},"end":{"line":38,"column":null}},"line":38}},"branchMap":{"0":{"loc":{"start":{"line":18,"column":46},"end":{"line":18,"column":null}},"type":"binary-expr","locations":[{"start":{"line":18,"column":46},"end":{"line":18,"column":56}},{"start":{"line":18,"column":56},"end":{"line":18,"column":null}}],"line":18},"1":{"loc":{"start":{"line":34,"column":17},"end":{"line":34,"column":null}},"type":"if","locations":[{"start":{"line":34,"column":17},"end":{"line":34,"column":null}},{"start":{},"end":{}}],"line":34}},"s":{"0":20,"1":20,"2":20,"3":20,"4":0,"5":20,"6":7,"7":20,"8":14,"9":20,"10":20,"11":54,"12":7,"13":7,"14":7,"15":7,"16":7,"17":7,"18":7,"19":7,"20":7},"f":{"0":20,"1":0,"2":7,"3":20,"4":7},"b":{"0":[0,0],"1":[7,0]},"meta":{"lastBranch":2,"lastFunction":5,"lastStatement":21,"seen":{"f:1:0:1:Infinity":0,"s:12:16:12:Infinity":0,"s:13:14:13:Infinity":1,"s:14:17:14:Infinity":2,"s:18:1:51:Infinity":3,"f:18:42:18:46":1,"s:18:46:18:Infinity":4,"b:18:46:18:56:18:56:18:Infinity":0,"s:19:5:51:Infinity":5,"s:23:19:23:Infinity":6,"f:23:19:23:21":2,"s:20:9:22:Infinity":7,"s:21:24:21:Infinity":8,"s:28:19:31:Infinity":9,"f:28:19:28:21":3,"s:25:9:51:Infinity":10,"s:26:24:26:Infinity":11,"s:35:17:38:Infinity":12,"s:38:21:38:Infinity":13,"f:38:21:38:22":4,"b:34:17:34:Infinity:undefined:undefined:undefined:undefined":1,"s:34:17:34:Infinity":14,"s:34:26:34:Infinity":15,"s:44:20:44:Infinity":16,"s:44:17:44:Infinity":17,"s:45:21:45:Infinity":18,"s:51:16:51:Infinity":19,"s:51:13:51:Infinity":20}}}
,"/home/catz/dev/keystone/resources/js/components/ui/PriceDisplay.svelte": {"path":"/home/catz/dev/keystone/resources/js/components/ui/PriceDisplay.svelte","statementMap":{"0":{"start":{"line":4,"column":16},"end":{"line":4,"column":null}},"1":{"start":{"line":5,"column":14},"end":{"line":5,"column":null}},"2":{"start":{"line":6,"column":12},"end":{"line":6,"column":null}},"3":{"start":{"line":7,"column":24},"end":{"line":7,"column":null}},"4":{"start":{"line":10,"column":24},"end":{"line":10,"column":null}},"5":{"start":{"line":10,"column":36},"end":{"line":10,"column":null}},"6":{"start":{"line":12,"column":15},"end":{"line":16,"column":null}},"7":{"start":{"line":20,"column":4},"end":{"line":20,"column":48}},"8":{"start":{"line":21,"column":9},"end":{"line":20,"column":48}},"9":{"start":{"line":21,"column":5},"end":{"line":21,"column":47}},"10":{"start":{"line":24,"column":9},"end":{"line":21,"column":47}},"11":{"start":{"line":24,"column":5},"end":{"line":24,"column":42}},"12":{"start":{"line":20,"column":1},"end":{"line":20,"column":48}},"13":{"start":{"line":20,"column":1},"end":{"line":20,"column":null}},"14":{"start":{"line":21,"column":5},"end":{"line":21,"column":null}},"15":{"start":{"line":22,"column":9},"end":{"line":22,"column":null}},"16":{"start":{"line":24,"column":5},"end":{"line":24,"column":null}},"17":{"start":{"line":25,"column":9},"end":{"line":25,"column":null}}},"fnMap":{"0":{"name":"PriceDisplay","decl":{"start":{"line":1,"column":0},"end":{"line":1,"column":null}},"loc":{"start":{"line":1,"column":0},"end":{"line":18,"column":null}},"line":1},"1":{"name":"(anonymous_1)","decl":{"start":{"line":10,"column":24},"end":{"line":10,"column":36}},"loc":{"start":{"line":10,"column":36},"end":{"line":10,"column":null}},"line":10}},"branchMap":{"0":{"loc":{"start":{"line":20,"column":48},"end":{"line":20,"column":null}},"type":"binary-expr","locations":[{"start":{"line":20,"column":48},"end":{"line":20,"column":null}},{"start":{"line":20,"column":57},"end":{"line":20,"column":null}}],"line":20},"1":{"loc":{"start":{"line":21,"column":47},"end":{"line":21,"column":null}},"type":"binary-expr","locations":[{"start":{"line":21,"column":47},"end":{"line":21,"column":null}},{"start":{"line":21,"column":57},"end":{"line":21,"column":null}}],"line":21},"2":{"loc":{"start":{"line":22,"column":9},"end":{"line":22,"column":19}},"type":"binary-expr","locations":[{"start":{"line":22,"column":9},"end":{"line":22,"column":19}},{"start":{"line":22,"column":17},"end":{"line":22,"column":19}}],"line":22},"3":{"loc":{"start":{"line":22,"column":17},"end":{"line":22,"column":null}},"type":"binary-expr","locations":[{"start":{"line":22,"column":17},"end":{"line":22,"column":null}},{"start":{"line":22,"column":33},"end":{"line":22,"column":null}}],"line":22},"4":{"loc":{"start":{"line":24,"column":9},"end":{"line":24,"column":79}},"type":"cond-expr","locations":[{"start":{"line":24,"column":58},"end":{"line":24,"column":67}},{"start":{"line":24,"column":70},"end":{"line":24,"column":79}}],"line":24}},"s":{"0":14,"1":14,"2":14,"3":14,"4":14,"5":14,"6":14,"7":14,"8":14,"9":14,"10":14,"11":14,"12":14,"13":14,"14":14,"15":14,"16":14,"17":14},"f":{"0":14,"1":14},"b":{"0":[14,0],"1":[14,0],"2":[14,0],"3":[14,0],"4":[3,11]},"meta":{"lastBranch":5,"lastFunction":2,"lastStatement":18,"seen":{"f:1:0:1:Infinity":0,"s:4:16:4:Infinity":0,"s:5:14:5:Infinity":1,"s:6:12:6:Infinity":2,"s:7:24:7:Infinity":3,"s:10:24:10:Infinity":4,"f:10:24:10:36":1,"s:10:36:10:Infinity":5,"s:12:15:16:Infinity":6,"s:20:4:20:48":7,"s:21:9:20:48":8,"s:21:5:21:47":9,"s:24:9:21:47":10,"s:24:5:24:42":11,"s:20:1:20:48":12,"s:20:1:20:Infinity":13,"b:20:48:20:Infinity:20:57:20:Infinity":0,"s:21:5:21:Infinity":14,"b:21:47:21:Infinity:21:57:21:Infinity":1,"s:22:9:22:Infinity":15,"b:22:9:22:19:22:17:22:19":2,"b:22:17:22:Infinity:22:33:22:Infinity":3,"s:24:5:24:Infinity":16,"b:24:58:24:67:24:70:24:79":4,"s:25:9:25:Infinity":17}}}
,"/home/catz/dev/keystone/resources/js/components/ui/Select.svelte": {"path":"/home/catz/dev/keystone/resources/js/components/ui/Select.svelte","statementMap":{"0":{"start":{"line":5,"column":15},"end":{"line":5,"column":null}},"1":{"start":{"line":6,"column":13},"end":{"line":6,"column":null}},"2":{"start":{"line":7,"column":24},"end":{"line":7,"column":null}},"3":{"start":{"line":8,"column":11},"end":{"line":8,"column":null}},"4":{"start":{"line":12,"column":4},"end":{"line":12,"column":23}},"5":{"start":{"line":12,"column":1},"end":{"line":12,"column":23}},"6":{"start":{"line":14,"column":14},"end":{"line":14,"column":null}},"7":{"start":{"line":14,"column":9},"end":{"line":14,"column":null}},"8":{"start":{"line":18,"column":11},"end":{"line":18,"column":null}},"9":{"start":{"line":18,"column":5},"end":{"line":22,"column":null}},"10":{"start":{"line":18,"column":11},"end":{"line":22,"column":null}},"11":{"start":{"line":18,"column":5},"end":{"line":25,"column":27}},"12":{"start":{"line":25,"column":19},"end":{"line":25,"column":27}},"13":{"start":{"line":25,"column":13},"end":{"line":25,"column":27}},"14":{"start":{"line":25,"column":52},"end":{"line":25,"column":null}},"15":{"start":{"line":25,"column":27},"end":{"line":25,"column":52}},"16":{"start":{"line":25,"column":13},"end":{"line":25,"column":52}},"17":{"start":{"line":18,"column":5},"end":{"line":18,"column":null}},"18":{"start":{"line":12,"column":1},"end":{"line":12,"column":null}},"19":{"start":{"line":20,"column":20},"end":{"line":20,"column":null}}},"fnMap":{"0":{"name":"Select","decl":{"start":{"line":1,"column":0},"end":{"line":1,"column":null}},"loc":{"start":{"line":1,"column":0},"end":{"line":10,"column":null}},"line":1},"1":{"name":"(anonymous_1)","decl":{"start":{"line":5,"column":15},"end":{"line":5,"column":null}},"loc":{"start":{"line":5,"column":15},"end":{"line":5,"column":null}},"line":5},"2":{"name":"(anonymous_2)","decl":{"start":{"line":18,"column":11},"end":{"line":18,"column":null}},"loc":{"start":{"line":18,"column":11},"end":{"line":22,"column":null}},"line":18},"3":{"name":"(anonymous_3)","decl":{"start":{"line":18,"column":5},"end":{"line":18,"column":11}},"loc":{"start":{"line":18,"column":5},"end":{"line":25,"column":27}},"line":18},"4":{"name":"(anonymous_4)","decl":{"start":{"line":24,"column":22},"end":{"line":24,"column":26}},"loc":{"start":{"line":24,"column":32},"end":{"line":25,"column":27}},"line":24},"5":{"name":"(anonymous_5)","decl":{"start":{"line":12,"column":1},"end":{"line":12,"column":4}},"loc":{"start":{"line":12,"column":1},"end":{"line":12,"column":null}},"line":12},"6":{"name":"get","decl":{"start":{"line":20,"column":8},"end":{"line":20,"column":18}},"loc":{"start":{"line":20,"column":18},"end":{"line":20,"column":null}},"line":20}},"branchMap":{"0":{"loc":{"start":{"line":25,"column":52},"end":{"line":25,"column":null}},"type":"binary-expr","locations":[{"start":{"line":25,"column":52},"end":{"line":25,"column":64}},{"start":{"line":25,"column":64},"end":{"line":25,"column":null}}],"line":25},"1":{"loc":{"start":{"line":25,"column":27},"end":{"line":25,"column":52}},"type":"if","locations":[{"start":{"line":25,"column":27},"end":{"line":25,"column":52}},{"start":{},"end":{}}],"line":25},"2":{"loc":{"start":{"line":25,"column":27},"end":{"line":25,"column":52}},"type":"binary-expr","locations":[{"start":{"line":25,"column":27},"end":{"line":25,"column":39}},{"start":{"line":25,"column":39},"end":{"line":25,"column":52}}],"line":25},"3":{"loc":{"start":{"line":25,"column":19},"end":{"line":25,"column":52}},"type":"binary-expr","locations":[{"start":{"line":25,"column":13},"end":{"line":25,"column":52}},{"start":{"line":25,"column":49},"end":{"line":25,"column":52}}],"line":25},"4":{"loc":{"start":{"line":25,"column":19},"end":{"line":25,"column":52}},"type":"binary-expr","locations":[{"start":{"line":25,"column":19},"end":{"line":25,"column":39}},{"start":{"line":25,"column":39},"end":{"line":25,"column":52}}],"line":25},"5":{"loc":{"start":{"line":12,"column":23},"end":{"line":12,"column":null}},"type":"binary-expr","locations":[{"start":{"line":12,"column":23},"end":{"line":12,"column":null}},{"start":{"line":12,"column":32},"end":{"line":12,"column":null}}],"line":12}},"s":{"0":0,"1":5,"2":5,"3":5,"4":5,"5":5,"6":3,"7":3,"8":5,"9":5,"10":5,"11":5,"12":16,"13":16,"14":16,"15":16,"16":16,"17":5,"18":5,"19":2},"f":{"0":5,"1":0,"2":5,"3":5,"4":16,"5":5,"6":9},"b":{"0":[16,12],"1":[16,0],"2":[16,12],"3":[16,0],"4":[16,12],"5":[5,0]},"meta":{"lastBranch":6,"lastFunction":7,"lastStatement":20,"seen":{"f:1:0:1:Infinity":0,"s:5:15:5:Infinity":0,"f:5:15:5:Infinity":1,"s:6:13:6:Infinity":1,"s:7:24:7:Infinity":2,"s:8:11:8:Infinity":3,"s:12:4:12:23":4,"s:12:1:12:23":5,"s:14:14:14:Infinity":6,"s:14:9:14:Infinity":7,"s:18:11:18:Infinity":8,"s:18:5:22:Infinity":9,"f:18:11:18:Infinity":2,"s:18:11:22:Infinity":10,"f:18:5:18:11":3,"s:18:5:25:27":11,"f:24:22:24:26":4,"s:25:19:25:27":12,"s:25:13:25:27":13,"s:25:52:25:Infinity":14,"b:25:52:25:64:25:64:25:Infinity":0,"b:25:27:25:52:undefined:undefined:undefined:undefined":1,"s:25:27:25:52":15,"b:25:27:25:39:25:39:25:52":2,"s:25:13:25:52":16,"b:25:13:25:52:25:49:25:52":3,"b:25:19:25:39:25:39:25:52":4,"s:18:5:18:Infinity":17,"s:12:1:12:Infinity":18,"f:12:1:12:4":5,"b:12:23:12:Infinity:12:32:12:Infinity":5,"f:20:8:20:18":6,"s:20:20:20:Infinity":19}}}
,"/home/catz/dev/keystone/resources/js/components/ui/TextArea.svelte": {"path":"/home/catz/dev/keystone/resources/js/components/ui/TextArea.svelte","statementMap":{"0":{"start":{"line":5,"column":19},"end":{"line":5,"column":null}},"1":{"start":{"line":6,"column":13},"end":{"line":6,"column":null}},"2":{"start":{"line":7,"column":16},"end":{"line":7,"column":null}},"3":{"start":{"line":8,"column":12},"end":{"line":8,"column":null}},"4":{"start":{"line":9,"column":24},"end":{"line":9,"column":null}},"5":{"start":{"line":10,"column":11},"end":{"line":10,"column":null}},"6":{"start":{"line":14,"column":4},"end":{"line":14,"column":23}},"7":{"start":{"line":14,"column":1},"end":{"line":14,"column":23}},"8":{"start":{"line":16,"column":14},"end":{"line":16,"column":null}},"9":{"start":{"line":16,"column":9},"end":{"line":16,"column":null}},"10":{"start":{"line":20,"column":13},"end":{"line":20,"column":null}},"11":{"start":{"line":20,"column":5},"end":{"line":20,"column":null}},"12":{"start":{"line":20,"column":5},"end":{"line":27,"column":null}},"13":{"start":{"line":20,"column":13},"end":{"line":27,"column":null}},"14":{"start":{"line":14,"column":1},"end":{"line":14,"column":null}},"15":{"start":{"line":23,"column":20},"end":{"line":23,"column":null}}},"fnMap":{"0":{"name":"TextArea","decl":{"start":{"line":1,"column":0},"end":{"line":1,"column":null}},"loc":{"start":{"line":1,"column":0},"end":{"line":12,"column":null}},"line":1},"1":{"name":"(anonymous_1)","decl":{"start":{"line":20,"column":13},"end":{"line":20,"column":null}},"loc":{"start":{"line":20,"column":13},"end":{"line":27,"column":null}},"line":20},"2":{"name":"(anonymous_2)","decl":{"start":{"line":14,"column":1},"end":{"line":14,"column":4}},"loc":{"start":{"line":14,"column":1},"end":{"line":14,"column":null}},"line":14},"3":{"name":"get","decl":{"start":{"line":23,"column":8},"end":{"line":23,"column":18}},"loc":{"start":{"line":23,"column":18},"end":{"line":23,"column":null}},"line":23}},"branchMap":{"0":{"loc":{"start":{"line":14,"column":23},"end":{"line":14,"column":null}},"type":"binary-expr","locations":[{"start":{"line":14,"column":23},"end":{"line":14,"column":null}},{"start":{"line":14,"column":32},"end":{"line":14,"column":null}}],"line":14}},"s":{"0":5,"1":5,"2":5,"3":5,"4":5,"5":5,"6":5,"7":5,"8":3,"9":3,"10":5,"11":5,"12":5,"13":5,"14":5,"15":1},"f":{"0":5,"1":5,"2":5,"3":13},"b":{"0":[5,0]},"meta":{"lastBranch":1,"lastFunction":4,"lastStatement":16,"seen":{"f:1:0:1:Infinity":0,"s:5:19:5:Infinity":0,"s:6:13:6:Infinity":1,"s:7:16:7:Infinity":2,"s:8:12:8:Infinity":3,"s:9:24:9:Infinity":4,"s:10:11:10:Infinity":5,"s:14:4:14:23":6,"s:14:1:14:23":7,"s:16:14:16:Infinity":8,"s:16:9:16:Infinity":9,"s:20:13:20:Infinity":10,"s:20:5:20:Infinity":11,"s:20:5:27:Infinity":12,"f:20:13:20:Infinity":1,"s:20:13:27:Infinity":13,"s:14:1:14:Infinity":14,"f:14:1:14:4":2,"b:14:23:14:Infinity:14:32:14:Infinity":0,"f:23:8:23:18":3,"s:23:20:23:Infinity":15}}}
,"/home/catz/dev/keystone/resources/js/lib/utils.js": {"path":"/home/catz/dev/keystone/resources/js/lib/utils.js","statementMap":{"0":{"start":{"line":5,"column":1},"end":{"line":5,"column":null}},"1":{"start":{"line":10,"column":4},"end":{"line":13,"column":null}},"2":{"start":{"line":11,"column":8},"end":{"line":11,"column":null}},"3":{"start":{"line":12,"column":8},"end":{"line":12,"column":null}},"4":{"start":{"line":12,"column":35},"end":{"line":12,"column":46}}},"fnMap":{"0":{"name":"cn","decl":{"start":{"line":4,"column":16},"end":{"line":4,"column":18}},"loc":{"start":{"line":4,"column":30},"end":{"line":6,"column":null}},"line":4},"1":{"name":"debounce","decl":{"start":{"line":8,"column":16},"end":{"line":8,"column":24}},"loc":{"start":{"line":8,"column":35},"end":{"line":14,"column":null}},"line":8},"2":{"name":"(anonymous_2)","decl":{"start":{"line":10,"column":11},"end":{"line":10,"column":12}},"loc":{"start":{"line":10,"column":24},"end":{"line":13,"column":5}},"line":10},"3":{"name":"(anonymous_3)","decl":{"start":{"line":12,"column":29},"end":{"line":12,"column":30}},"loc":{"start":{"line":12,"column":35},"end":{"line":12,"column":46}},"line":12}},"branchMap":{},"s":{"0":93,"1":2,"2":0,"3":0,"4":0},"f":{"0":93,"1":2,"2":0,"3":0},"b":{},"meta":{"lastBranch":0,"lastFunction":4,"lastStatement":5,"seen":{"f:4:16:4:18":0,"s:5:1:5:Infinity":0,"f:8:16:8:24":1,"s:10:4:13:Infinity":1,"f:10:11:10:12":2,"s:11:8:11:Infinity":2,"s:12:8:12:Infinity":3,"f:12:29:12:30":3,"s:12:35:12:46":4}}}
}
